{"meta": {"format": 3, "version": "7.13.5", "timestamp": "2026-09-09T20:03:41.051455", "branch_coverage": false, "show_contexts": false}, "files": {"src/omnisus_db/__init__.py": {"executed_lines": [3, 5, 6, 8, 9, 10, 16, 20, 21, 22, 28, 30, 61, 75, 76, 77, 78, 79, 80, 81, 82, 84, 85, 88, 100, 103, 135, 137, 138, 139, 147, 150, 157, 162, 169, 174, 182, 189, 195, 197, 200, 201, 202, 203, 204, 205, 207, 210, 230, 232, 233, 234, 235, 236, 237, 238, 241, 261, 265, 274], "summary": {"covered_lines": 60, "num_statements": 62, "percent_covered": 96.7741935483871, "percent_covered_display": "97", "missing_lines": 2, "excluded_lines": 0, "percent_statements_covered": 96.7741935483871, "percent_statements_covered_display": "97"}, "missing_lines": [198, 231], "excluded_lines": [], "functions": {"scopes_for": {"executed_lines": [75, 76, 77, 78, 79, 80, 81, 82, 84, 85], "summary": {"covered_lines": 10, "num_statements": 10, "percent_covered": 100.0, "percent_covered_display": "100", "missing_lines": 0, "excluded_lines": 0, "percent_statements_covered": 100.0, "percent_statements_covered_display": "100"}, "missing_lines": [], "excluded_lines": [], "start_line": 61}, "browse": {"executed_lines": [100], "summary": {"covered_lines": 1, "num_statements": 1, "percent_covered": 100.0, "percent_covered_display": "100", "missing_lines": 0, "excluded_lines": 0, "percent_statements_covered": 100.0, "percent_statements_covered_display": "100"}, "missing_lines": [], "excluded_lines": [], "start_line": 88}, "import_dataset": {"executed_lines": [135, 137, 147], "summary": {"covered_lines": 3, "num_statements": 3, "percent_covered": 100.0, "percent_covered_display": "100", "missing_lines": 0, "excluded_lines": 0, "percent_statements_covered": 100.0, "percent_statements_covered_display": "100"}, "missing_lines": [], "excluded_lines": [], "start_line": 103}, "import_dataset.run": {"executed_lines": [138, 139], "summary": {"covered_lines": 2, "num_statements": 2, "percent_covered": 100.0, "percent_covered_display": "100", "missing_lines": 0, "excluded_lines": 0, "percent_statements_covered": 100.0, "percent_statements_covered_display": "100"}, "missing_lines": [], "excluded_lines": [], "start_line": 137}, "import_sim": {"executed_lines": [157], "summary": {"covered_lines": 1, "num_statements": 1, "percent_covered": 100.0, "percent_covered_display": "100", "missing_lines": 0, "excluded_lines": 0, "percent_statements_covered": 100.0, "percent_statements_covered_display": "100"}, "missing_lines": [], "excluded_lines": [], "start_line": 150}, "import_sinasc": {"executed_lines": [169], "summary": {"covered_lines": 1, "num_statements": 1, "percent_covered": 100.0, "percent_covered_display": "100", "missing_lines": 0, "excluded_lines": 0, "percent_statements_covered": 100.0, "percent_statements_covered_display": "100"}, "missing_lines": [], "excluded_lines": [], "start_line": 162}, "import_sih": {"executed_lines": [182], "summary": {"covered_lines": 1, "num_statements": 1, "percent_covered": 100.0, "percent_covered_display": "100", "missing_lines": 0, "excluded_lines": 0, "percent_statements_covered": 100.0, "percent_statements_covered_display": "100"}, "missing_lines": [], "excluded_lines": [], "start_line": 174}, "import_ibge_pop": {"executed_lines": [195, 197, 200, 207], "summary": {"covered_lines": 4, "num_statements": 5, "percent_covered": 80.0, "percent_covered_display": "80", "missing_lines": 1, "excluded_lines": 0, "percent_statements_covered": 80.0, "percent_statements_covered_display": "80"}, "missing_lines": [198], "excluded_lines": [], "start_line": 189}, "import_ibge_pop.run": {"executed_lines": [201, 202, 203, 204, 205], "summary": {"covered_lines": 5, "num_statements": 5, "percent_covered": 100.0, "percent_covered_display": "100", "missing_lines": 0, "excluded_lines": 0, "percent_statements_covered": 100.0, "percent_statements_covered_display": "100"}, "missing_lines": [], "excluded_lines": [], "start_line": 200}, "import_cnes_st": {"executed_lines": [230, 232, 233, 234, 235, 236, 237, 238], "summary": {"covered_lines": 8, "num_statements": 9, "percent_covered": 88.88888888888889, "percent_covered_display": "89", "missing_lines": 1, "excluded_lines": 0, "percent_statements_covered": 88.88888888888889, "percent_statements_covered_display": "89"}, "missing_lines": [231], "excluded_lines": [], "start_line": 210}, "import_cnes_master": {"executed_lines": [261, 265], "summary": {"covered_lines": 2, "num_statements": 2, "percent_covered": 100.0, "percent_covered_display": "100", "missing_lines": 0, "excluded_lines": 0, "percent_statements_covered": 100.0, "percent_statements_covered_display": "100"}, "missing_lines": [], "excluded_lines": [], "start_line": 241}, "": {"executed_lines": [3, 5, 6, 8, 9, 10, 16, 20, 21, 22, 28, 30, 61, 88, 103, 150, 162, 174, 189, 210, 241, 274], "summary": {"covered_lines": 22, "num_statements": 22, "percent_covered": 100.0, "percent_covered_display": "100", "missing_lines": 0, "excluded_lines": 0, "percent_statements_covered": 100.0, "percent_statements_covered_display": "100"}, "missing_lines": [], "excluded_lines": [], "start_line": 1}}, "classes": {"": {"executed_lines": [3, 5, 6, 8, 9, 10, 16, 20, 21, 22, 28, 30, 61, 75, 76, 77, 78, 79, 80, 81, 82, 84, 85, 88, 100, 103, 135, 137, 138, 139, 147, 150, 157, 162, 169, 174, 182, 189, 195, 197, 200, 201, 202, 203, 204, 205, 207, 210, 230, 232, 233, 234, 235, 236, 237, 238, 241, 261, 265, 274], "summary": {"covered_lines": 60, "num_statements": 62, "percent_covered": 96.7741935483871, "percent_covered_display": "97", "missing_lines": 2, "excluded_lines": 0, "percent_statements_covered": 96.7741935483871, "percent_statements_covered_display": "97"}, "missing_lines": [198, 231], "excluded_lines": [], "start_line": 1}}}, "src/omnisus_db/_version.py": {"executed_lines": [1], "summary": {"covered_lines": 1, "num_statements": 1, "percent_covered": 100.0, "percent_covered_display": "100", "missing_lines": 0, "excluded_lines": 0, "percent_statements_covered": 100.0, "percent_statements_covered_display": "100"}, "missing_lines": [], "excluded_lines": [], "functions": {"": {"executed_lines": [1], "summary": {"covered_lines": 1, "num_statements": 1, "percent_covered": 100.0, "percent_covered_display": "100", "missing_lines": 0, "excluded_lines": 0, "percent_statements_covered": 100.0, "percent_statements_covered_display": "100"}, "missing_lines": [], "excluded_lines": [], "start_line": 1}}, "classes": {"": {"executed_lines": [1], "summary": {"covered_lines": 1, "num_statements": 1, "percent_covered": 100.0, "percent_covered_display": "100", "missing_lines": 0, "excluded_lines": 0, "percent_statements_covered": 100.0, "percent_statements_covered_display": "100"}, "missing_lines": [], "excluded_lines": [], "start_line": 1}}}, "src/omnisus_db/cli/__init__.py": {"executed_lines": [], "summary": {"covered_lines": 0, "num_statements": 0, "percent_covered": 100.0, "percent_covered_display": "100", "missing_lines": 0, "excluded_lines": 0, "percent_statements_covered": 100.0, "percent_statements_covered_display": "100"}, "missing_lines": [], "excluded_lines": [], "functions": {"": {"executed_lines": [], "summary": {"covered_lines": 0, "num_statements": 0, "percent_covered": 100.0, "percent_covered_display": "100", "missing_lines": 0, "excluded_lines": 0, "percent_statements_covered": 100.0, "percent_statements_covered_display": "100"}, "missing_lines": [], "excluded_lines": [], "start_line": 1}}, "classes": {"": {"executed_lines": [], "summary": {"covered_lines": 0, "num_statements": 0, "percent_covered": 100.0, "percent_covered_display": "100", "missing_lines": 0, "excluded_lines": 0, "percent_statements_covered": 100.0, "percent_statements_covered_display": "100"}, "missing_lines": [], "excluded_lines": [], "start_line": 1}}}, "src/omnisus_db/cli/main.py": {"executed_lines": [3, 5, 7, 8, 10, 11, 12, 14, 20, 22, 23, 30, 31, 37, 39, 42, 50, 53, 54, 63, 64, 65, 66, 67, 70, 71, 96, 98, 103, 104, 105, 106, 107, 109, 111, 112, 114, 115, 117, 118, 119, 128, 129, 130, 131, 133, 135, 140, 142, 146, 147, 148, 149, 151, 154, 170, 172, 173, 175, 176, 177, 178, 179, 182, 185, 186, 197, 199, 200, 201, 203, 204, 205, 206, 208, 209, 210, 211, 212, 213, 219, 220, 221, 222, 223, 224, 225, 226, 229, 230, 231, 232, 233, 234, 235, 236, 237, 238, 239, 240, 243, 244, 249, 251, 252, 253, 254, 256, 257, 258, 259, 260, 264, 265, 268, 269, 273, 274, 275, 278, 279, 284, 286, 287, 288, 289, 290, 291, 294, 295, 316, 317, 322, 323, 324, 325, 328, 329, 333, 334, 344, 345, 349, 350, 351, 354, 355, 357, 358, 359, 361, 363, 364, 365, 366, 368, 369, 370, 371, 376], "summary": {"covered_lines": 160, "num_statements": 184, "percent_covered": 86.95652173913044, "percent_covered_display": "87", "missing_lines": 24, "excluded_lines": 0, "percent_statements_covered": 86.95652173913044, "percent_statements_covered_display": "87"}, "missing_lines": [120, 121, 122, 126, 138, 150, 180, 181, 261, 305, 307, 308, 309, 310, 311, 312, 313, 330, 339, 340, 341, 372, 373, 377], "excluded_lines": [], "functions": {"dataset_choices": {"executed_lines": [39], "summary": {"covered_lines": 1, "num_statements": 1, "percent_covered": 100.0, "percent_covered_display": "100", "missing_lines": 0, "excluded_lines": 0, "percent_statements_covered": 100.0, "percent_statements_covered_display": "100"}, "missing_lines": [], "excluded_lines": [], "start_line": 37}, "ftp_dataset_choices": {"executed_lines": [50], "summary": {"covered_lines": 1, "num_statements": 1, "percent_covered": 100.0, "percent_covered_display": "100", "missing_lines": 0, "excluded_lines": 0, "percent_statements_covered": 100.0, "percent_statements_covered_display": "100"}, "missing_lines": [], "excluded_lines": [], "start_line": 42}, "init": {"executed_lines": [63, 64, 65, 66, 67], "summary": {"covered_lines": 5, "num_statements": 5, "percent_covered": 100.0, "percent_covered_display": "100", "missing_lines": 0, "excluded_lines": 0, "percent_statements_covered": 100.0, "percent_statements_covered_display": "100"}, "missing_lines": [], "excluded_lines": [], "start_line": 54}, "import_cmd": {"executed_lines": [96, 98, 103, 104, 105, 106, 107, 109, 111, 112, 114, 115, 117, 118, 119, 128, 129, 130, 131, 133, 135, 140, 142, 146, 147, 148, 149, 151], "summary": {"covered_lines": 28, "num_statements": 34, "percent_covered": 82.3529411764706, "percent_covered_display": "82", "missing_lines": 6, "excluded_lines": 0, "percent_statements_covered": 82.3529411764706, "percent_statements_covered_display": "82"}, "missing_lines": [120, 121, 122, 126, 138, 150], "excluded_lines": [], "start_line": 71}, "_plan_scopes": {"executed_lines": [170, 172, 173, 175, 176, 177, 178, 179, 182], "summary": {"covered_lines": 9, "num_statements": 11, "percent_covered": 81.81818181818181, "percent_covered_display": "82", "missing_lines": 2, "excluded_lines": 0, "percent_statements_covered": 81.81818181818181, "percent_statements_covered_display": "82"}, "missing_lines": [180, 181], "excluded_lines": [], "start_line": 154}, "inventory": {"executed_lines": [197, 199, 200, 201, 203, 204, 205, 206, 208, 209, 210, 211, 212, 213, 219, 220, 221, 222, 223, 224, 225, 226, 229, 230, 231, 232, 233, 234, 235, 236, 237, 238, 239, 240], "summary": {"covered_lines": 34, "num_statements": 34, "percent_covered": 100.0, "percent_covered_display": "100", "missing_lines": 0, "excluded_lines": 0, "percent_statements_covered": 100.0, "percent_statements_covered_display": "100"}, "missing_lines": [], "excluded_lines": [], "start_line": 186}, "query": {"executed_lines": [249, 251, 252, 253, 254, 256, 257, 258, 259, 260], "summary": {"covered_lines": 10, "num_statements": 11, "percent_covered": 90.9090909090909, "percent_covered_display": "91", "missing_lines": 1, "excluded_lines": 0, "percent_statements_covered": 90.9090909090909, "percent_statements_covered_display": "91"}, "missing_lines": [261], "excluded_lines": [], "start_line": 244}, "lake_tables_cmd": {"executed_lines": [273, 274, 275], "summary": {"covered_lines": 3, "num_statements": 3, "percent_covered": 100.0, "percent_covered_display": "100", "missing_lines": 0, "excluded_lines": 0, "percent_statements_covered": 100.0, "percent_statements_covered_display": "100"}, "missing_lines": [], "excluded_lines": [], "start_line": 269}, "lake_describe_cmd": {"executed_lines": [284, 286, 287, 288, 289, 290, 291], "summary": {"covered_lines": 7, "num_statements": 7, "percent_covered": 100.0, "percent_covered_display": "100", "missing_lines": 0, "excluded_lines": 0, "percent_statements_covered": 100.0, "percent_statements_covered_display": "100"}, "missing_lines": [], "excluded_lines": [], "start_line": 279}, "lake_snapshots_cmd": {"executed_lines": [], "summary": {"covered_lines": 0, "num_statements": 8, "percent_covered": 0.0, "percent_covered_display": "0", "missing_lines": 8, "excluded_lines": 0, "percent_statements_covered": 0.0, "percent_statements_covered_display": "0"}, "missing_lines": [305, 307, 308, 309, 310, 311, 312, 313], "excluded_lines": [], "start_line": 295}, "lake_optimize_cmd": {"executed_lines": [322, 323, 324, 325, 328, 329], "summary": {"covered_lines": 6, "num_statements": 7, "percent_covered": 85.71428571428571, "percent_covered_display": "86", "missing_lines": 1, "excluded_lines": 0, "percent_statements_covered": 85.71428571428571, "percent_statements_covered_display": "86"}, "missing_lines": [330], "excluded_lines": [], "start_line": 317}, "lake_vacuum_cmd": {"executed_lines": [], "summary": {"covered_lines": 0, "num_statements": 3, "percent_covered": 0.0, "percent_covered_display": "0", "missing_lines": 3, "excluded_lines": 0, "percent_statements_covered": 0.0, "percent_statements_covered_display": "0"}, "missing_lines": [339, 340, 341], "excluded_lines": [], "start_line": 334}, "lake_update_aux_cmd": {"executed_lines": [349, 350, 351], "summary": {"covered_lines": 3, "num_statements": 3, "percent_covered": 100.0, "percent_covered_display": "100", "missing_lines": 0, "excluded_lines": 0, "percent_statements_covered": 100.0, "percent_statements_covered_display": "100"}, "missing_lines": [], "excluded_lines": [], "start_line": 345}, "doctor": {"executed_lines": [357, 358, 359, 361, 363, 364, 365, 366, 368, 369, 370, 371], "summary": {"covered_lines": 12, "num_statements": 14, "percent_covered": 85.71428571428571, "percent_covered_display": "86", "missing_lines": 2, "excluded_lines": 0, "percent_statements_covered": 85.71428571428571, "percent_statements_covered_display": "86"}, "missing_lines": [372, 373], "excluded_lines": [], "start_line": 355}, "": {"executed_lines": [3, 5, 7, 8, 10, 11, 12, 14, 20, 22, 23, 30, 31, 37, 42, 53, 54, 70, 71, 154, 185, 186, 243, 244, 264, 265, 268, 269, 278, 279, 294, 295, 316, 317, 333, 334, 344, 345, 354, 355, 376], "summary": {"covered_lines": 41, "num_statements": 42, "percent_covered": 97.61904761904762, "percent_covered_display": "98", "missing_lines": 1, "excluded_lines": 0, "percent_statements_covered": 97.61904761904762, "percent_statements_covered_display": "98"}, "missing_lines": [377], "excluded_lines": [], "start_line": 1}}, "classes": {"": {"executed_lines": [3, 5, 7, 8, 10, 11, 12, 14, 20, 22, 23, 30, 31, 37, 39, 42, 50, 53, 54, 63, 64, 65, 66, 67, 70, 71, 96, 98, 103, 104, 105, 106, 107, 109, 111, 112, 114, 115, 117, 118, 119, 128, 129, 130, 131, 133, 135, 140, 142, 146, 147, 148, 149, 151, 154, 170, 172, 173, 175, 176, 177, 178, 179, 182, 185, 186, 197, 199, 200, 201, 203, 204, 205, 206, 208, 209, 210, 211, 212, 213, 219, 220, 221, 222, 223, 224, 225, 226, 229, 230, 231, 232, 233, 234, 235, 236, 237, 238, 239, 240, 243, 244, 249, 251, 252, 253, 254, 256, 257, 258, 259, 260, 264, 265, 268, 269, 273, 274, 275, 278, 279, 284, 286, 287, 288, 289, 290, 291, 294, 295, 316, 317, 322, 323, 324, 325, 328, 329, 333, 334, 344, 345, 349, 350, 351, 354, 355, 357, 358, 359, 361, 363, 364, 365, 366, 368, 369, 370, 371, 376], "summary": {"covered_lines": 160, "num_statements": 184, "percent_covered": 86.95652173913044, "percent_covered_display": "87", "missing_lines": 24, "excluded_lines": 0, "percent_statements_covered": 86.95652173913044, "percent_statements_covered_display": "87"}, "missing_lines": [120, 121, 122, 126, 138, 150, 180, 181, 261, 305, 307, 308, 309, 310, 311, 312, 313, 330, 339, 340, 341, 372, 373, 377], "excluded_lines": [], "start_line": 1}}}, "src/omnisus_db/data/__init__.py": {"executed_lines": [], "summary": {"covered_lines": 0, "num_statements": 0, "percent_covered": 100.0, "percent_covered_display": "100", "missing_lines": 0, "excluded_lines": 0, "percent_statements_covered": 100.0, "percent_statements_covered_display": "100"}, "missing_lines": [], "excluded_lines": [], "functions": {"": {"executed_lines": [], "summary": {"covered_lines": 0, "num_statements": 0, "percent_covered": 100.0, "percent_covered_display": "100", "missing_lines": 0, "excluded_lines": 0, "percent_statements_covered": 100.0, "percent_statements_covered_display": "100"}, "missing_lines": [], "excluded_lines": [], "start_line": 1}}, "classes": {"": {"executed_lines": [], "summary": {"covered_lines": 0, "num_statements": 0, "percent_covered": 100.0, "percent_covered_display": "100", "missing_lines": 0, "excluded_lines": 0, "percent_statements_covered": 100.0, "percent_statements_covered_display": "100"}, "missing_lines": [], "excluded_lines": [], "start_line": 1}}}, "src/omnisus_db/data/dicionarios/__init__.py": {"executed_lines": [], "summary": {"covered_lines": 0, "num_statements": 0, "percent_covered": 100.0, "percent_covered_display": "100", "missing_lines": 0, "excluded_lines": 0, "percent_statements_covered": 100.0, "percent_statements_covered_display": "100"}, "missing_lines": [], "excluded_lines": [], "functions": {"": {"executed_lines": [], "summary": {"covered_lines": 0, "num_statements": 0, "percent_covered": 100.0, "percent_covered_display": "100", "missing_lines": 0, "excluded_lines": 0, "percent_statements_covered": 100.0, "percent_statements_covered_display": "100"}, "missing_lines": [], "excluded_lines": [], "start_line": 1}}, "classes": {"": {"executed_lines": [], "summary": {"covered_lines": 0, "num_statements": 0, "percent_covered": 100.0, "percent_covered_display": "100", "missing_lines": 0, "excluded_lines": 0, "percent_statements_covered": 100.0, "percent_statements_covered_display": "100"}, "missing_lines": [], "excluded_lines": [], "start_line": 1}}}, "src/omnisus_db/lake/__init__.py": {"executed_lines": [3, 4, 6], "summary": {"covered_lines": 3, "num_statements": 3, "percent_covered": 100.0, "percent_covered_display": "100", "missing_lines": 0, "excluded_lines": 0, "percent_statements_covered": 100.0, "percent_statements_covered_display": "100"}, "missing_lines": [], "excluded_lines": [], "functions": {"": {"executed_lines": [3, 4, 6], "summary": {"covered_lines": 3, "num_statements": 3, "percent_covered": 100.0, "percent_covered_display": "100", "missing_lines": 0, "excluded_lines": 0, "percent_statements_covered": 100.0, "percent_statements_covered_display": "100"}, "missing_lines": [], "excluded_lines": [], "start_line": 1}}, "classes": {"": {"executed_lines": [3, 4, 6], "summary": {"covered_lines": 3, "num_statements": 3, "percent_covered": 100.0, "percent_covered_display": "100", "missing_lines": 0, "excluded_lines": 0, "percent_statements_covered": 100.0, "percent_statements_covered_display": "100"}, "missing_lines": [], "excluded_lines": [], "start_line": 1}}}, "src/omnisus_db/lake/catalog.py": {"executed_lines": [3, 5, 6, 7, 10, 11, 14, 15, 18, 29, 30, 31, 33, 34, 35, 36, 37, 39, 40, 42, 43, 44, 50, 51], "summary": {"covered_lines": 24, "num_statements": 25, "percent_covered": 96.0, "percent_covered_display": "96", "missing_lines": 1, "excluded_lines": 0, "percent_statements_covered": 96.0, "percent_statements_covered_display": "96"}, "missing_lines": [38], "excluded_lines": [], "functions": {"parse_target": {"executed_lines": [29, 30, 31, 33, 34, 35, 36, 37, 39, 40, 42, 43, 44], "summary": {"covered_lines": 13, "num_statements": 14, "percent_covered": 92.85714285714286, "percent_covered_display": "93", "missing_lines": 1, "excluded_lines": 0, "percent_statements_covered": 92.85714285714286, "percent_statements_covered_display": "93"}, "missing_lines": [38], "excluded_lines": [], "start_line": 18}, "": {"executed_lines": [3, 5, 6, 7, 10, 11, 14, 15, 18, 50, 51], "summary": {"covered_lines": 11, "num_statements": 11, "percent_covered": 100.0, "percent_covered_display": "100", "missing_lines": 0, "excluded_lines": 0, "percent_statements_covered": 100.0, "percent_statements_covered_display": "100"}, "missing_lines": [], "excluded_lines": [], "start_line": 1}}, "classes": {"CatalogURI": {"executed_lines": [], "summary": {"covered_lines": 0, "num_statements": 0, "percent_covered": 100.0, "percent_covered_display": "100", "missing_lines": 0, "excluded_lines": 0, "percent_statements_covered": 100.0, "percent_statements_covered_display": "100"}, "missing_lines": [], "excluded_lines": [], "start_line": 11}, "": {"executed_lines": [3, 5, 6, 7, 10, 11, 14, 15, 18, 29, 30, 31, 33, 34, 35, 36, 37, 39, 40, 42, 43, 44, 50, 51], "summary": {"covered_lines": 24, "num_statements": 25, "percent_covered": 96.0, "percent_covered_display": "96", "missing_lines": 1, "excluded_lines": 0, "percent_statements_covered": 96.0, "percent_statements_covered_display": "96"}, "missing_lines": [38], "excluded_lines": [], "start_line": 1}}}, "src/omnisus_db/lake/connection.py": {"executed_lines": [3, 5, 6, 8, 10, 13, 29, 30, 31, 33, 34, 36, 37, 38, 43, 44, 47, 49, 50, 51], "summary": {"covered_lines": 20, "num_statements": 20, "percent_covered": 100.0, "percent_covered_display": "100", "missing_lines": 0, "excluded_lines": 0, "percent_statements_covered": 100.0, "percent_statements_covered_display": "100"}, "missing_lines": [], "excluded_lines": [], "functions": {"make_connection": {"executed_lines": [29, 30, 31, 33, 34, 36, 37, 38, 43, 44], "summary": {"covered_lines": 10, "num_statements": 10, "percent_covered": 100.0, "percent_covered_display": "100", "missing_lines": 0, "excluded_lines": 0, "percent_statements_covered": 100.0, "percent_statements_covered_display": "100"}, "missing_lines": [], "excluded_lines": [], "start_line": 13}, "close_connection": {"executed_lines": [49, 50, 51], "summary": {"covered_lines": 3, "num_statements": 3, "percent_covered": 100.0, "percent_covered_display": "100", "missing_lines": 0, "excluded_lines": 0, "percent_statements_covered": 100.0, "percent_statements_covered_display": "100"}, "missing_lines": [], "excluded_lines": [], "start_line": 47}, "": {"executed_lines": [3, 5, 6, 8, 10, 13, 47], "summary": {"covered_lines": 7, "num_statements": 7, "percent_covered": 100.0, "percent_covered_display": "100", "missing_lines": 0, "excluded_lines": 0, "percent_statements_covered": 100.0, "percent_statements_covered_display": "100"}, "missing_lines": [], "excluded_lines": [], "start_line": 1}}, "classes": {"": {"executed_lines": [3, 5, 6, 8, 10, 13, 29, 30, 31, 33, 34, 36, 37, 38, 43, 44, 47, 49, 50, 51], "summary": {"covered_lines": 20, "num_statements": 20, "percent_covered": 100.0, "percent_covered_display": "100", "missing_lines": 0, "excluded_lines": 0, "percent_statements_covered": 100.0, "percent_statements_covered_display": "100"}, "missing_lines": [], "excluded_lines": [], "start_line": 1}}}, "src/omnisus_db/lake/operations.py": {"executed_lines": [3, 5, 6, 7, 9, 10, 12, 13, 22, 24, 27, 34, 35, 36, 37, 38, 40, 41, 43, 49, 50, 52, 54, 55, 57, 59, 60, 62, 63, 64, 66, 68, 70, 72, 80, 82, 95, 102, 107, 108, 116, 117, 118, 119, 120, 121, 122, 124, 126, 128, 135, 140, 141, 142, 143, 144, 146, 147, 148, 149, 151, 152, 153, 154, 155, 156, 161, 163, 180, 181, 182, 184, 185, 186, 188, 189, 191, 214, 216, 218, 225, 226, 227, 234, 235, 237, 248, 249, 253, 254, 255, 257, 258, 259, 260, 261, 263, 264, 265, 266, 268, 269, 270, 271, 276, 278, 297, 298, 299, 301, 303, 304, 305, 306, 311, 313, 319, 323, 325, 329, 332, 334, 341, 343, 345, 346, 348, 349], "summary": {"covered_lines": 128, "num_statements": 133, "percent_covered": 96.2406015037594, "percent_covered_display": "96", "missing_lines": 5, "excluded_lines": 4, "percent_statements_covered": 96.2406015037594, "percent_statements_covered_display": "96"}, "missing_lines": [58, 130, 150, 256, 267], "excluded_lines": [15, 16, 18, 20], "functions": {"Lake.__init__": {"executed_lines": [35, 36, 37, 38, 40, 41, 43], "summary": {"covered_lines": 7, "num_statements": 7, "percent_covered": 100.0, "percent_covered_display": "100", "missing_lines": 0, "excluded_lines": 0, "percent_statements_covered": 100.0, "percent_statements_covered_display": "100"}, "missing_lines": [], "excluded_lines": [], "start_line": 34}, "Lake.local": {"executed_lines": [52], "summary": {"covered_lines": 1, "num_statements": 1, "percent_covered": 100.0, "percent_covered_display": "100", "missing_lines": 0, "excluded_lines": 0, "percent_statements_covered": 100.0, "percent_statements_covered_display": "100"}, "missing_lines": [], "excluded_lines": [], "start_line": 50}, "Lake.cloud": {"executed_lines": [57, 59, 60], "summary": {"covered_lines": 3, "num_statements": 4, "percent_covered": 75.0, "percent_covered_display": "75", "missing_lines": 1, "excluded_lines": 0, "percent_statements_covered": 75.0, "percent_statements_covered_display": "75"}, "missing_lines": [58], "excluded_lines": [], "start_line": 55}, "Lake.alias": {"executed_lines": [64], "summary": {"covered_lines": 1, "num_statements": 1, "percent_covered": 100.0, "percent_covered_display": "100", "missing_lines": 0, "excluded_lines": 0, "percent_statements_covered": 100.0, "percent_statements_covered_display": "100"}, "missing_lines": [], "excluded_lines": [], "start_line": 63}, "Lake.connect": {"executed_lines": [68], "summary": {"covered_lines": 1, "num_statements": 1, "percent_covered": 100.0, "percent_covered_display": "100", "missing_lines": 0, "excluded_lines": 0, "percent_statements_covered": 100.0, "percent_statements_covered_display": "100"}, "missing_lines": [], "excluded_lines": [], "start_line": 66}, "Lake.tables": {"executed_lines": [72, 80], "summary": {"covered_lines": 2, "num_statements": 2, "percent_covered": 100.0, "percent_covered_display": "100", "missing_lines": 0, "excluded_lines": 0, "percent_statements_covered": 100.0, "percent_statements_covered_display": "100"}, "missing_lines": [], "excluded_lines": [], "start_line": 70}, "Lake.snapshots": {"executed_lines": [95, 102], "summary": {"covered_lines": 2, "num_statements": 2, "percent_covered": 100.0, "percent_covered_display": "100", "missing_lines": 0, "excluded_lines": 0, "percent_statements_covered": 100.0, "percent_statements_covered_display": "100"}, "missing_lines": [], "excluded_lines": [], "start_line": 82}, "Lake.transaction": {"executed_lines": [116, 117, 118, 119, 120, 121, 122], "summary": {"covered_lines": 7, "num_statements": 7, "percent_covered": 100.0, "percent_covered_display": "100", "missing_lines": 0, "excluded_lines": 0, "percent_statements_covered": 100.0, "percent_statements_covered_display": "100"}, "missing_lines": [], "excluded_lines": [], "start_line": 108}, "Lake.optimize": {"executed_lines": [126], "summary": {"covered_lines": 1, "num_statements": 1, "percent_covered": 100.0, "percent_covered_display": "100", "missing_lines": 0, "excluded_lines": 0, "percent_statements_covered": 100.0, "percent_statements_covered_display": "100"}, "missing_lines": [], "excluded_lines": [], "start_line": 124}, "Lake.vacuum": {"executed_lines": [], "summary": {"covered_lines": 0, "num_statements": 1, "percent_covered": 0.0, "percent_covered_display": "0", "missing_lines": 1, "excluded_lines": 0, "percent_statements_covered": 0.0, "percent_statements_covered_display": "0"}, "missing_lines": [130], "excluded_lines": [], "start_line": 128}, "Lake.bootstrap_auxiliares": {"executed_lines": [140, 141, 142, 143, 144, 146, 147, 148, 149, 151, 152, 153, 154, 155, 156, 161], "summary": {"covered_lines": 16, "num_statements": 17, "percent_covered": 94.11764705882354, "percent_covered_display": "94", "missing_lines": 1, "excluded_lines": 0, "percent_statements_covered": 94.11764705882354, "percent_statements_covered_display": "94"}, "missing_lines": [150], "excluded_lines": [], "start_line": 135}, "Lake.ensure_aux_cnes_view": {"executed_lines": [180, 181, 182, 184, 185, 186, 188, 189, 191, 214], "summary": {"covered_lines": 10, "num_statements": 10, "percent_covered": 100.0, "percent_covered_display": "100", "missing_lines": 0, "excluded_lines": 0, "percent_statements_covered": 100.0, "percent_statements_covered_display": "100"}, "missing_lines": [], "excluded_lines": [], "start_line": 163}, "Lake._staging_columns": {"executed_lines": [218], "summary": {"covered_lines": 1, "num_statements": 1, "percent_covered": 100.0, "percent_covered_display": "100", "missing_lines": 0, "excluded_lines": 0, "percent_statements_covered": 100.0, "percent_statements_covered_display": "100"}, "missing_lines": [], "excluded_lines": [], "start_line": 216}, "Lake._table_columns": {"executed_lines": [226, 227, 234, 235], "summary": {"covered_lines": 4, "num_statements": 4, "percent_covered": 100.0, "percent_covered_display": "100", "missing_lines": 0, "excluded_lines": 0, "percent_statements_covered": 100.0, "percent_statements_covered_display": "100"}, "missing_lines": [], "excluded_lines": [], "start_line": 225}, "Lake._ensure_table": {"executed_lines": [248, 249, 253, 254, 255, 257, 258, 259, 260, 261, 263, 264, 265, 266, 268, 269, 270, 271, 276], "summary": {"covered_lines": 19, "num_statements": 21, "percent_covered": 90.47619047619048, "percent_covered_display": "90", "missing_lines": 2, "excluded_lines": 0, "percent_statements_covered": 90.47619047619048, "percent_statements_covered_display": "90"}, "missing_lines": [256, 267], "excluded_lines": [], "start_line": 237}, "Lake.ingest": {"executed_lines": [297, 298, 299, 301, 303, 304, 305, 306, 311, 313, 319, 323, 325, 329, 332, 334], "summary": {"covered_lines": 16, "num_statements": 16, "percent_covered": 100.0, "percent_covered_display": "100", "missing_lines": 0, "excluded_lines": 0, "percent_statements_covered": 100.0, "percent_statements_covered_display": "100"}, "missing_lines": [], "excluded_lines": [], "start_line": 278}, "Lake.close": {"executed_lines": [343], "summary": {"covered_lines": 1, "num_statements": 1, "percent_covered": 100.0, "percent_covered_display": "100", "missing_lines": 0, "excluded_lines": 0, "percent_statements_covered": 100.0, "percent_statements_covered_display": "100"}, "missing_lines": [], "excluded_lines": [], "start_line": 341}, "Lake.__enter__": {"executed_lines": [346], "summary": {"covered_lines": 1, "num_statements": 1, "percent_covered": 100.0, "percent_covered_display": "100", "missing_lines": 0, "excluded_lines": 0, "percent_statements_covered": 100.0, "percent_statements_covered_display": "100"}, "missing_lines": [], "excluded_lines": [], "start_line": 345}, "Lake.__exit__": {"executed_lines": [349], "summary": {"covered_lines": 1, "num_statements": 1, "percent_covered": 100.0, "percent_covered_display": "100", "missing_lines": 0, "excluded_lines": 0, "percent_statements_covered": 100.0, "percent_statements_covered_display": "100"}, "missing_lines": [], "excluded_lines": [], "start_line": 348}, "": {"executed_lines": [3, 5, 6, 7, 9, 10, 12, 13, 22, 24, 27, 34, 49, 50, 54, 55, 62, 63, 66, 70, 82, 107, 108, 124, 128, 135, 163, 216, 225, 237, 278, 341, 345, 348], "summary": {"covered_lines": 34, "num_statements": 34, "percent_covered": 100.0, "percent_covered_display": "100", "missing_lines": 0, "excluded_lines": 4, "percent_statements_covered": 100.0, "percent_statements_covered_display": "100"}, "missing_lines": [], "excluded_lines": [15, 16, 18, 20], "start_line": 1}}, "classes": {"Lake": {"executed_lines": [35, 36, 37, 38, 40, 41, 43, 52, 57, 59, 60, 64, 68, 72, 80, 95, 102, 116, 117, 118, 119, 120, 121, 122, 126, 140, 141, 142, 143, 144, 146, 147, 148, 149, 151, 152, 153, 154, 155, 156, 161, 180, 181, 182, 184, 185, 186, 188, 189, 191, 214, 218, 226, 227, 234, 235, 248, 249, 253, 254, 255, 257, 258, 259, 260, 261, 263, 264, 265, 266, 268, 269, 270, 271, 276, 297, 298, 299, 301, 303, 304, 305, 306, 311, 313, 319, 323, 325, 329, 332, 334, 343, 346, 349], "summary": {"covered_lines": 94, "num_statements": 99, "percent_covered": 94.94949494949495, "percent_covered_display": "95", "missing_lines": 5, "excluded_lines": 0, "percent_statements_covered": 94.94949494949495, "percent_statements_covered_display": "95"}, "missing_lines": [58, 130, 150, 256, 267], "excluded_lines": [], "start_line": 27}, "": {"executed_lines": [3, 5, 6, 7, 9, 10, 12, 13, 22, 24, 27, 34, 49, 50, 54, 55, 62, 63, 66, 70, 82, 107, 108, 124, 128, 135, 163, 216, 225, 237, 278, 341, 345, 348], "summary": {"covered_lines": 34, "num_statements": 34, "percent_covered": 100.0, "percent_covered_display": "100", "missing_lines": 0, "excluded_lines": 4, "percent_statements_covered": 100.0, "percent_statements_covered_display": "100"}, "missing_lines": [], "excluded_lines": [15, 16, 18, 20], "start_line": 1}}}, "src/omnisus_db/lake/schema.py": {"executed_lines": [3, 5, 7, 16, 26, 28, 31, 33], "summary": {"covered_lines": 8, "num_statements": 8, "percent_covered": 100.0, "percent_covered_display": "100", "missing_lines": 0, "excluded_lines": 0, "percent_statements_covered": 100.0, "percent_statements_covered_display": "100"}, "missing_lines": [], "excluded_lines": [], "functions": {"canonical_type": {"executed_lines": [28], "summary": {"covered_lines": 1, "num_statements": 1, "percent_covered": 100.0, "percent_covered_display": "100", "missing_lines": 0, "excluded_lines": 0, "percent_statements_covered": 100.0, "percent_statements_covered_display": "100"}, "missing_lines": [], "excluded_lines": [], "start_line": 26}, "ddl_for_field": {"executed_lines": [33], "summary": {"covered_lines": 1, "num_statements": 1, "percent_covered": 100.0, "percent_covered_display": "100", "missing_lines": 0, "excluded_lines": 0, "percent_statements_covered": 100.0, "percent_statements_covered_display": "100"}, "missing_lines": [], "excluded_lines": [], "start_line": 31}, "": {"executed_lines": [3, 5, 7, 16, 26, 31], "summary": {"covered_lines": 6, "num_statements": 6, "percent_covered": 100.0, "percent_covered_display": "100", "missing_lines": 0, "excluded_lines": 0, "percent_statements_covered": 100.0, "percent_statements_covered_display": "100"}, "missing_lines": [], "excluded_lines": [], "start_line": 1}}, "classes": {"": {"executed_lines": [3, 5, 7, 16, 26, 28, 31, 33], "summary": {"covered_lines": 8, "num_statements": 8, "percent_covered": 100.0, "percent_covered_display": "100", "missing_lines": 0, "excluded_lines": 0, "percent_statements_covered": 100.0, "percent_statements_covered_display": "100"}, "missing_lines": [], "excluded_lines": [], "start_line": 1}}}, "src/omnisus_db/sources/__init__.py": {"executed_lines": [], "summary": {"covered_lines": 0, "num_statements": 0, "percent_covered": 100.0, "percent_covered_display": "100", "missing_lines": 0, "excluded_lines": 0, "percent_statements_covered": 100.0, "percent_statements_covered_display": "100"}, "missing_lines": [], "excluded_lines": [], "functions": {"": {"executed_lines": [], "summary": {"covered_lines": 0, "num_statements": 0, "percent_covered": 100.0, "percent_covered_display": "100", "missing_lines": 0, "excluded_lines": 0, "percent_statements_covered": 100.0, "percent_statements_covered_display": "100"}, "missing_lines": [], "excluded_lines": [], "start_line": 1}}, "classes": {"": {"executed_lines": [], "summary": {"covered_lines": 0, "num_statements": 0, "percent_covered": 100.0, "percent_covered_display": "100", "missing_lines": 0, "excluded_lines": 0, "percent_statements_covered": 100.0, "percent_statements_covered_display": "100"}, "missing_lines": [], "excluded_lines": [], "start_line": 1}}}, "src/omnisus_db/sources/_base.py": {"executed_lines": [3, 5, 6, 9, 10, 16, 17, 18, 20, 21, 22, 23, 26, 27, 30, 31, 32, 33, 36, 39, 40, 49, 50, 51, 52, 54, 55, 58, 59, 70, 72, 73, 75, 77, 78, 79, 81, 82, 83, 85, 86, 87], "summary": {"covered_lines": 42, "num_statements": 42, "percent_covered": 100.0, "percent_covered_display": "100", "missing_lines": 0, "excluded_lines": 0, "percent_statements_covered": 100.0, "percent_statements_covered_display": "100"}, "missing_lines": [], "excluded_lines": [], "functions": {"ScopeKey.__str__": {"executed_lines": [21, 22, 23], "summary": {"covered_lines": 3, "num_statements": 3, "percent_covered": 100.0, "percent_covered_display": "100", "missing_lines": 0, "excluded_lines": 0, "percent_statements_covered": 100.0, "percent_statements_covered_display": "100"}, "missing_lines": [], "excluded_lines": [], "start_line": 20}, "ImportReport.rows": {"executed_lines": [75], "summary": {"covered_lines": 1, "num_statements": 1, "percent_covered": 100.0, "percent_covered_display": "100", "missing_lines": 0, "excluded_lines": 0, "percent_statements_covered": 100.0, "percent_statements_covered_display": "100"}, "missing_lines": [], "excluded_lines": [], "start_line": 73}, "ImportReport.ok": {"executed_lines": [79], "summary": {"covered_lines": 1, "num_statements": 1, "percent_covered": 100.0, "percent_covered_display": "100", "missing_lines": 0, "excluded_lines": 0, "percent_statements_covered": 100.0, "percent_statements_covered_display": "100"}, "missing_lines": [], "excluded_lines": [], "start_line": 78}, "ImportReport.skipped": {"executed_lines": [83], "summary": {"covered_lines": 1, "num_statements": 1, "percent_covered": 100.0, "percent_covered_display": "100", "missing_lines": 0, "excluded_lines": 0, "percent_statements_covered": 100.0, "percent_statements_covered_display": "100"}, "missing_lines": [], "excluded_lines": [], "start_line": 82}, "ImportReport.failed": {"executed_lines": [87], "summary": {"covered_lines": 1, "num_statements": 1, "percent_covered": 100.0, "percent_covered_display": "100", "missing_lines": 0, "excluded_lines": 0, "percent_statements_covered": 100.0, "percent_statements_covered_display": "100"}, "missing_lines": [], "excluded_lines": [], "start_line": 86}, "": {"executed_lines": [3, 5, 6, 9, 10, 16, 17, 18, 20, 26, 27, 30, 31, 32, 33, 36, 39, 40, 49, 50, 51, 52, 54, 55, 58, 59, 70, 72, 73, 77, 78, 81, 82, 85, 86], "summary": {"covered_lines": 35, "num_statements": 35, "percent_covered": 100.0, "percent_covered_display": "100", "missing_lines": 0, "excluded_lines": 0, "percent_statements_covered": 100.0, "percent_statements_covered_display": "100"}, "missing_lines": [], "excluded_lines": [], "start_line": 1}}, "classes": {"ScopeKey": {"executed_lines": [21, 22, 23], "summary": {"covered_lines": 3, "num_statements": 3, "percent_covered": 100.0, "percent_covered_display": "100", "missing_lines": 0, "excluded_lines": 0, "percent_statements_covered": 100.0, "percent_statements_covered_display": "100"}, "missing_lines": [], "excluded_lines": [], "start_line": 10}, "ImportResult": {"executed_lines": [], "summary": {"covered_lines": 0, "num_statements": 0, "percent_covered": 100.0, "percent_covered_display": "100", "missing_lines": 0, "excluded_lines": 0, "percent_statements_covered": 100.0, "percent_statements_covered_display": "100"}, "missing_lines": [], "excluded_lines": [], "start_line": 27}, "ScopeOutcome": {"executed_lines": [], "summary": {"covered_lines": 0, "num_statements": 0, "percent_covered": 100.0, "percent_covered_display": "100", "missing_lines": 0, "excluded_lines": 0, "percent_statements_covered": 100.0, "percent_statements_covered_display": "100"}, "missing_lines": [], "excluded_lines": [], "start_line": 40}, "ImportReport": {"executed_lines": [75, 79, 83, 87], "summary": {"covered_lines": 4, "num_statements": 4, "percent_covered": 100.0, "percent_covered_display": "100", "missing_lines": 0, "excluded_lines": 0, "percent_statements_covered": 100.0, "percent_statements_covered_display": "100"}, "missing_lines": [], "excluded_lines": [], "start_line": 59}, "": {"executed_lines": [3, 5, 6, 9, 10, 16, 17, 18, 20, 26, 27, 30, 31, 32, 33, 36, 39, 40, 49, 50, 51, 52, 54, 55, 58, 59, 70, 72, 73, 77, 78, 81, 82, 85, 86], "summary": {"covered_lines": 35, "num_statements": 35, "percent_covered": 100.0, "percent_covered_display": "100", "missing_lines": 0, "excluded_lines": 0, "percent_statements_covered": 100.0, "percent_statements_covered_display": "100"}, "missing_lines": [], "excluded_lines": [], "start_line": 1}}}, "src/omnisus_db/sources/cnes/__init__.py": {"executed_lines": [], "summary": {"covered_lines": 0, "num_statements": 0, "percent_covered": 100.0, "percent_covered_display": "100", "missing_lines": 0, "excluded_lines": 0, "percent_statements_covered": 100.0, "percent_statements_covered_display": "100"}, "missing_lines": [], "excluded_lines": [], "functions": {"": {"executed_lines": [], "summary": {"covered_lines": 0, "num_statements": 0, "percent_covered": 100.0, "percent_covered_display": "100", "missing_lines": 0, "excluded_lines": 0, "percent_statements_covered": 100.0, "percent_statements_covered_display": "100"}, "missing_lines": [], "excluded_lines": [], "start_line": 1}}, "classes": {"": {"executed_lines": [], "summary": {"covered_lines": 0, "num_statements": 0, "percent_covered": 100.0, "percent_covered_display": "100", "missing_lines": 0, "excluded_lines": 0, "percent_statements_covered": 100.0, "percent_statements_covered_display": "100"}, "missing_lines": [], "excluded_lines": [], "start_line": 1}}}, "src/omnisus_db/sources/cnes/importers/__init__.py": {"executed_lines": [], "summary": {"covered_lines": 0, "num_statements": 0, "percent_covered": 100.0, "percent_covered_display": "100", "missing_lines": 0, "excluded_lines": 0, "percent_statements_covered": 100.0, "percent_statements_covered_display": "100"}, "missing_lines": [], "excluded_lines": [], "functions": {"": {"executed_lines": [], "summary": {"covered_lines": 0, "num_statements": 0, "percent_covered": 100.0, "percent_covered_display": "100", "missing_lines": 0, "excluded_lines": 0, "percent_statements_covered": 100.0, "percent_statements_covered_display": "100"}, "missing_lines": [], "excluded_lines": [], "start_line": 1}}, "classes": {"": {"executed_lines": [], "summary": {"covered_lines": 0, "num_statements": 0, "percent_covered": 100.0, "percent_covered_display": "100", "missing_lines": 0, "excluded_lines": 0, "percent_statements_covered": 100.0, "percent_statements_covered_display": "100"}, "missing_lines": [], "excluded_lines": [], "start_line": 1}}}, "src/omnisus_db/sources/cnes/importers/master.py": {"executed_lines": [19, 21, 22, 24, 25, 27, 29, 31, 34, 37, 44, 45, 46, 47, 48, 49, 50, 51, 52, 53, 56, 57, 58, 66, 73, 74, 75, 76, 78, 80, 81, 82, 84, 85, 86, 87, 88, 89, 90, 91, 93, 96, 102, 103, 104, 105, 106, 112, 115, 118, 120, 132, 139, 140, 141, 142, 143, 144, 148, 154, 177, 178, 180, 181, 182, 183, 185, 186, 187, 189, 190], "summary": {"covered_lines": 71, "num_statements": 73, "percent_covered": 97.26027397260275, "percent_covered_display": "97", "missing_lines": 2, "excluded_lines": 0, "percent_statements_covered": 97.26027397260275, "percent_statements_covered_display": "97"}, "missing_lines": [54, 55], "excluded_lines": [], "functions": {"_fetch_one": {"executed_lines": [44, 45, 46, 47, 48, 49, 50, 51, 52, 53, 56, 57, 58], "summary": {"covered_lines": 13, "num_statements": 15, "percent_covered": 86.66666666666667, "percent_covered_display": "87", "missing_lines": 2, "excluded_lines": 0, "percent_statements_covered": 86.66666666666667, "percent_statements_covered_display": "87"}, "missing_lines": [54, 55], "excluded_lines": [], "start_line": 37}, "_fetch_all": {"executed_lines": [73, 74, 75, 76, 78, 80, 84, 85, 86, 87, 88, 89, 90, 91, 93], "summary": {"covered_lines": 15, "num_statements": 15, "percent_covered": 100.0, "percent_covered_display": "100", "missing_lines": 0, "excluded_lines": 0, "percent_statements_covered": 100.0, "percent_statements_covered_display": "100"}, "missing_lines": [], "excluded_lines": [], "start_line": 66}, "_fetch_all.worker": {"executed_lines": [81, 82], "summary": {"covered_lines": 2, "num_statements": 2, "percent_covered": 100.0, "percent_covered_display": "100", "missing_lines": 0, "excluded_lines": 0, "percent_statements_covered": 100.0, "percent_statements_covered_display": "100"}, "missing_lines": [], "excluded_lines": [], "start_line": 80}, "_codes_from_lake": {"executed_lines": [102, 103, 104, 105, 106, 112, 115], "summary": {"covered_lines": 7, "num_statements": 7, "percent_covered": 100.0, "percent_covered_display": "100", "missing_lines": 0, "excluded_lines": 0, "percent_statements_covered": 100.0, "percent_statements_covered_display": "100"}, "missing_lines": [], "excluded_lines": [], "start_line": 96}, "_ensure_master_table": {"executed_lines": [120], "summary": {"covered_lines": 1, "num_statements": 1, "percent_covered": 100.0, "percent_covered_display": "100", "missing_lines": 0, "excluded_lines": 0, "percent_statements_covered": 100.0, "percent_statements_covered_display": "100"}, "missing_lines": [], "excluded_lines": [], "start_line": 118}, "_upsert_master": {"executed_lines": [139, 140, 141, 142, 143, 144, 148], "summary": {"covered_lines": 7, "num_statements": 7, "percent_covered": 100.0, "percent_covered_display": "100", "missing_lines": 0, "excluded_lines": 0, "percent_statements_covered": 100.0, "percent_statements_covered_display": "100"}, "missing_lines": [], "excluded_lines": [], "start_line": 132}, "import_cnes_master": {"executed_lines": [177, 178, 180, 181, 182, 183, 185, 186, 187, 189, 190], "summary": {"covered_lines": 11, "num_statements": 11, "percent_covered": 100.0, "percent_covered_display": "100", "missing_lines": 0, "excluded_lines": 0, "percent_statements_covered": 100.0, "percent_statements_covered_display": "100"}, "missing_lines": [], "excluded_lines": [], "start_line": 154}, "": {"executed_lines": [19, 21, 22, 24, 25, 27, 29, 31, 34, 37, 66, 96, 118, 132, 154], "summary": {"covered_lines": 15, "num_statements": 15, "percent_covered": 100.0, "percent_covered_display": "100", "missing_lines": 0, "excluded_lines": 0, "percent_statements_covered": 100.0, "percent_statements_covered_display": "100"}, "missing_lines": [], "excluded_lines": [], "start_line": 1}}, "classes": {"": {"executed_lines": [19, 21, 22, 24, 25, 27, 29, 31, 34, 37, 44, 45, 46, 47, 48, 49, 50, 51, 52, 53, 56, 57, 58, 66, 73, 74, 75, 76, 78, 80, 81, 82, 84, 85, 86, 87, 88, 89, 90, 91, 93, 96, 102, 103, 104, 105, 106, 112, 115, 118, 120, 132, 139, 140, 141, 142, 143, 144, 148, 154, 177, 178, 180, 181, 182, 183, 185, 186, 187, 189, 190], "summary": {"covered_lines": 71, "num_statements": 73, "percent_covered": 97.26027397260275, "percent_covered_display": "97", "missing_lines": 2, "excluded_lines": 0, "percent_statements_covered": 97.26027397260275, "percent_statements_covered_display": "97"}, "missing_lines": [54, 55], "excluded_lines": [], "start_line": 1}}}, "src/omnisus_db/sources/cnes/importers/st.py": {"executed_lines": [], "summary": {"covered_lines": 0, "num_statements": 6, "percent_covered": 0.0, "percent_covered_display": "0", "missing_lines": 6, "excluded_lines": 0, "percent_statements_covered": 0.0, "percent_statements_covered_display": "0"}, "missing_lines": [3, 5, 6, 7, 10, 12], "excluded_lines": [], "functions": {"import_st_scope": {"executed_lines": [], "summary": {"covered_lines": 0, "num_statements": 1, "percent_covered": 0.0, "percent_covered_display": "0", "missing_lines": 1, "excluded_lines": 0, "percent_statements_covered": 0.0, "percent_statements_covered_display": "0"}, "missing_lines": [12], "excluded_lines": [], "start_line": 10}, "": {"executed_lines": [], "summary": {"covered_lines": 0, "num_statements": 5, "percent_covered": 0.0, "percent_covered_display": "0", "missing_lines": 5, "excluded_lines": 0, "percent_statements_covered": 0.0, "percent_statements_covered_display": "0"}, "missing_lines": [3, 5, 6, 7, 10], "excluded_lines": [], "start_line": 1}}, "classes": {"": {"executed_lines": [], "summary": {"covered_lines": 0, "num_statements": 6, "percent_covered": 0.0, "percent_covered_display": "0", "missing_lines": 6, "excluded_lines": 0, "percent_statements_covered": 0.0, "percent_statements_covered_display": "0"}, "missing_lines": [3, 5, 6, 7, 10, 12], "excluded_lines": [], "start_line": 1}}}, "src/omnisus_db/sources/datasus_ftp/__init__.py": {"executed_lines": [], "summary": {"covered_lines": 0, "num_statements": 0, "percent_covered": 100.0, "percent_covered_display": "100", "missing_lines": 0, "excluded_lines": 0, "percent_statements_covered": 100.0, "percent_statements_covered_display": "100"}, "missing_lines": [], "excluded_lines": [], "functions": {"": {"executed_lines": [], "summary": {"covered_lines": 0, "num_statements": 0, "percent_covered": 100.0, "percent_covered_display": "100", "missing_lines": 0, "excluded_lines": 0, "percent_statements_covered": 100.0, "percent_statements_covered_display": "100"}, "missing_lines": [], "excluded_lines": [], "start_line": 1}}, "classes": {"": {"executed_lines": [], "summary": {"covered_lines": 0, "num_statements": 0, "percent_covered": 100.0, "percent_covered_display": "100", "missing_lines": 0, "excluded_lines": 0, "percent_statements_covered": 100.0, "percent_statements_covered_display": "100"}, "missing_lines": [], "excluded_lines": [], "start_line": 1}}}, "src/omnisus_db/sources/datasus_ftp/_cache.py": {"executed_lines": [14, 16, 17, 18, 19, 20, 21, 23, 24, 26, 28, 30, 32, 33, 34, 37, 42, 43, 44, 45, 46, 47, 50, 59, 60, 61, 62, 65, 67, 68, 69, 70, 88, 89, 90, 99, 104, 107, 114, 115, 116, 117, 118, 119, 120, 121, 122, 123, 124, 125, 126, 127, 128, 142], "summary": {"covered_lines": 54, "num_statements": 61, "percent_covered": 88.52459016393442, "percent_covered_display": "89", "missing_lines": 7, "excluded_lines": 0, "percent_statements_covered": 88.52459016393442, "percent_statements_covered_display": "89"}, "missing_lines": [100, 101, 102, 103, 139, 140, 141], "excluded_lines": [], "functions": {"cache_dir": {"executed_lines": [42, 43, 44, 45, 46, 47], "summary": {"covered_lines": 6, "num_statements": 6, "percent_covered": 100.0, "percent_covered_display": "100", "missing_lines": 0, "excluded_lines": 0, "percent_statements_covered": 100.0, "percent_statements_covered_display": "100"}, "missing_lines": [], "excluded_lines": [], "start_line": 37}, "cache_path": {"executed_lines": [59, 60, 61, 62], "summary": {"covered_lines": 4, "num_statements": 4, "percent_covered": 100.0, "percent_covered_display": "100", "missing_lines": 0, "excluded_lines": 0, "percent_statements_covered": 100.0, "percent_statements_covered_display": "100"}, "missing_lines": [], "excluded_lines": [], "start_line": 50}, "write_cache": {"executed_lines": [67, 68, 69, 70, 88, 89, 90, 99, 104], "summary": {"covered_lines": 9, "num_statements": 13, "percent_covered": 69.23076923076923, "percent_covered_display": "69", "missing_lines": 4, "excluded_lines": 0, "percent_statements_covered": 69.23076923076923, "percent_statements_covered_display": "69"}, "missing_lines": [100, 101, 102, 103], "excluded_lines": [], "start_line": 65}, "read_cached": {"executed_lines": [114, 115, 116, 117, 118, 119, 120, 121, 122, 123, 124, 125, 126, 127, 128, 142], "summary": {"covered_lines": 16, "num_statements": 19, "percent_covered": 84.21052631578948, "percent_covered_display": "84", "missing_lines": 3, "excluded_lines": 0, "percent_statements_covered": 84.21052631578948, "percent_statements_covered_display": "84"}, "missing_lines": [139, 140, 141], "excluded_lines": [], "start_line": 107}, "": {"executed_lines": [14, 16, 17, 18, 19, 20, 21, 23, 24, 26, 28, 30, 32, 33, 34, 37, 50, 65, 107], "summary": {"covered_lines": 19, "num_statements": 19, "percent_covered": 100.0, "percent_covered_display": "100", "missing_lines": 0, "excluded_lines": 0, "percent_statements_covered": 100.0, "percent_statements_covered_display": "100"}, "missing_lines": [], "excluded_lines": [], "start_line": 1}}, "classes": {"": {"executed_lines": [14, 16, 17, 18, 19, 20, 21, 23, 24, 26, 28, 30, 32, 33, 34, 37, 42, 43, 44, 45, 46, 47, 50, 59, 60, 61, 62, 65, 67, 68, 69, 70, 88, 89, 90, 99, 104, 107, 114, 115, 116, 117, 118, 119, 120, 121, 122, 123, 124, 125, 126, 127, 128, 142], "summary": {"covered_lines": 54, "num_statements": 61, "percent_covered": 88.52459016393442, "percent_covered_display": "89", "missing_lines": 7, "excluded_lines": 0, "percent_statements_covered": 88.52459016393442, "percent_statements_covered_display": "89"}, "missing_lines": [100, 101, 102, 103, 139, 140, 141], "excluded_lines": [], "start_line": 1}}}, "src/omnisus_db/sources/datasus_ftp/_ftp.py": {"executed_lines": [9, 11, 13, 15, 20, 24, 34], "summary": {"covered_lines": 7, "num_statements": 7, "percent_covered": 100.0, "percent_covered_display": "100", "missing_lines": 0, "excluded_lines": 0, "percent_statements_covered": 100.0, "percent_statements_covered_display": "100"}, "missing_lines": [], "excluded_lines": [], "functions": {"is_missing": {"executed_lines": [34], "summary": {"covered_lines": 1, "num_statements": 1, "percent_covered": 100.0, "percent_covered_display": "100", "missing_lines": 0, "excluded_lines": 0, "percent_statements_covered": 100.0, "percent_statements_covered_display": "100"}, "missing_lines": [], "excluded_lines": [], "start_line": 24}, "": {"executed_lines": [9, 11, 13, 15, 20, 24], "summary": {"covered_lines": 6, "num_statements": 6, "percent_covered": 100.0, "percent_covered_display": "100", "missing_lines": 0, "excluded_lines": 0, "percent_statements_covered": 100.0, "percent_statements_covered_display": "100"}, "missing_lines": [], "excluded_lines": [], "start_line": 1}}, "classes": {"": {"executed_lines": [9, 11, 13, 15, 20, 24, 34], "summary": {"covered_lines": 7, "num_statements": 7, "percent_covered": 100.0, "percent_covered_display": "100", "missing_lines": 0, "excluded_lines": 0, "percent_statements_covered": 100.0, "percent_statements_covered_display": "100"}, "missing_lines": [], "excluded_lines": [], "start_line": 1}}}, "src/omnisus_db/sources/datasus_ftp/_runner.py": {"executed_lines": [8, 10, 11, 13, 14, 16, 17, 23, 24, 25, 27, 29, 30, 33, 34, 39, 40, 47, 59, 60, 61, 63, 64, 65, 66, 73, 76, 83, 86, 87, 88, 91, 99, 100, 101, 102, 103, 109, 142, 143, 144, 145, 146, 149, 150, 151, 152, 153, 154, 155, 156, 162, 163, 165, 168, 169, 170, 171, 172, 174, 176, 177, 178, 180, 182, 183, 184, 185, 186, 187, 188, 189, 190, 191, 192, 193, 194, 195, 196, 197, 198, 199, 200, 216, 218, 219, 221, 222, 230, 233, 235, 236, 237, 238, 239], "summary": {"covered_lines": 95, "num_statements": 100, "percent_covered": 95.0, "percent_covered_display": "95", "missing_lines": 5, "excluded_lines": 0, "percent_statements_covered": 95.0, "percent_statements_covered_display": "95"}, "missing_lines": [147, 201, 204, 205, 206], "excluded_lines": [], "functions": {"import_scope": {"executed_lines": [59, 60, 61, 63, 64, 65, 66, 73], "summary": {"covered_lines": 8, "num_statements": 8, "percent_covered": 100.0, "percent_covered_display": "100", "missing_lines": 0, "excluded_lines": 0, "percent_statements_covered": 100.0, "percent_statements_covered_display": "100"}, "missing_lines": [], "excluded_lines": [], "start_line": 47}, "ingest_raw": {"executed_lines": [83, 86, 87, 88], "summary": {"covered_lines": 4, "num_statements": 4, "percent_covered": 100.0, "percent_covered_display": "100", "missing_lines": 0, "excluded_lines": 0, "percent_statements_covered": 100.0, "percent_statements_covered_display": "100"}, "missing_lines": [], "excluded_lines": [], "start_line": 76}, "_require_well_formed": {"executed_lines": [99, 100, 101, 102, 103], "summary": {"covered_lines": 5, "num_statements": 5, "percent_covered": 100.0, "percent_covered_display": "100", "missing_lines": 0, "excluded_lines": 0, "percent_statements_covered": 100.0, "percent_statements_covered_display": "100"}, "missing_lines": [], "excluded_lines": [], "start_line": 91}, "run_scopes": {"executed_lines": [142, 143, 144, 145, 146, 149, 150, 151, 152, 153, 154, 155, 156, 162, 163, 165, 176, 182, 183, 184, 185, 186, 187, 188, 189, 190, 191, 192, 193, 194, 195, 196, 197, 198, 199, 200, 216, 218, 219, 221, 222, 230], "summary": {"covered_lines": 42, "num_statements": 47, "percent_covered": 89.36170212765957, "percent_covered_display": "89", "missing_lines": 5, "excluded_lines": 0, "percent_statements_covered": 89.36170212765957, "percent_statements_covered_display": "89"}, "missing_lines": [147, 201, 204, 205, 206], "excluded_lines": [], "start_line": 109}, "run_scopes.produce": {"executed_lines": [168, 169, 170, 171, 172, 174], "summary": {"covered_lines": 6, "num_statements": 6, "percent_covered": 100.0, "percent_covered_display": "100", "missing_lines": 0, "excluded_lines": 0, "percent_statements_covered": 100.0, "percent_statements_covered_display": "100"}, "missing_lines": [], "excluded_lines": [], "start_line": 165}, "run_scopes.produce_all": {"executed_lines": [177, 178, 180], "summary": {"covered_lines": 3, "num_statements": 3, "percent_covered": 100.0, "percent_covered_display": "100", "missing_lines": 0, "excluded_lines": 0, "percent_statements_covered": 100.0, "percent_statements_covered_display": "100"}, "missing_lines": [], "excluded_lines": [], "start_line": 176}, "_outcome_for_error": {"executed_lines": [235, 236, 237, 238, 239], "summary": {"covered_lines": 5, "num_statements": 5, "percent_covered": 100.0, "percent_covered_display": "100", "missing_lines": 0, "excluded_lines": 0, "percent_statements_covered": 100.0, "percent_statements_covered_display": "100"}, "missing_lines": [], "excluded_lines": [], "start_line": 233}, "": {"executed_lines": [8, 10, 11, 13, 14, 16, 17, 23, 24, 25, 27, 29, 30, 33, 34, 39, 40, 47, 76, 91, 109, 233], "summary": {"covered_lines": 22, "num_statements": 22, "percent_covered": 100.0, "percent_covered_display": "100", "missing_lines": 0, "excluded_lines": 0, "percent_statements_covered": 100.0, "percent_statements_covered_display": "100"}, "missing_lines": [], "excluded_lines": [], "start_line": 1}}, "classes": {"": {"executed_lines": [8, 10, 11, 13, 14, 16, 17, 23, 24, 25, 27, 29, 30, 33, 34, 39, 40, 47, 59, 60, 61, 63, 64, 65, 66, 73, 76, 83, 86, 87, 88, 91, 99, 100, 101, 102, 103, 109, 142, 143, 144, 145, 146, 149, 150, 151, 152, 153, 154, 155, 156, 162, 163, 165, 168, 169, 170, 171, 172, 174, 176, 177, 178, 180, 182, 183, 184, 185, 186, 187, 188, 189, 190, 191, 192, 193, 194, 195, 196, 197, 198, 199, 200, 216, 218, 219, 221, 222, 230, 233, 235, 236, 237, 238, 239], "summary": {"covered_lines": 95, "num_statements": 100, "percent_covered": 95.0, "percent_covered_display": "95", "missing_lines": 5, "excluded_lines": 0, "percent_statements_covered": 95.0, "percent_statements_covered_display": "95"}, "missing_lines": [147, 201, 204, 205, 206], "excluded_lines": [], "start_line": 1}}}, "src/omnisus_db/sources/datasus_ftp/datasets.py": {"executed_lines": [13, 15, 16, 17, 19, 21, 22, 24, 27, 28, 35, 36, 38, 39, 41, 42, 44, 45, 47, 48, 55, 56, 61, 62, 64, 65, 67, 68, 69, 72, 73, 74, 75, 76, 78, 79, 82, 97, 99, 102, 109, 110, 111, 112, 113, 114, 115, 118, 120, 123, 133, 134, 135, 136, 137, 138], "summary": {"covered_lines": 56, "num_statements": 56, "percent_covered": 100.0, "percent_covered_display": "100", "missing_lines": 0, "excluded_lines": 0, "percent_statements_covered": 100.0, "percent_statements_covered_display": "100"}, "missing_lines": [], "excluded_lines": [], "functions": {"Dataset.monthly": {"executed_lines": [69], "summary": {"covered_lines": 1, "num_statements": 1, "percent_covered": 100.0, "percent_covered_display": "100", "missing_lines": 0, "excluded_lines": 0, "percent_statements_covered": 100.0, "percent_statements_covered_display": "100"}, "missing_lines": [], "excluded_lines": [], "start_line": 68}, "resolve": {"executed_lines": [109, 110, 111, 112, 113, 114, 115], "summary": {"covered_lines": 7, "num_statements": 7, "percent_covered": 100.0, "percent_covered_display": "100", "missing_lines": 0, "excluded_lines": 0, "percent_statements_covered": 100.0, "percent_statements_covered_display": "100"}, "missing_lines": [], "excluded_lines": [], "start_line": 102}, "get_config": {"executed_lines": [120], "summary": {"covered_lines": 1, "num_statements": 1, "percent_covered": 100.0, "percent_covered_display": "100", "missing_lines": 0, "excluded_lines": 0, "percent_statements_covered": 100.0, "percent_statements_covered_display": "100"}, "missing_lines": [], "excluded_lines": [], "start_line": 118}, "in_coverage": {"executed_lines": [133, 134, 135, 136, 137, 138], "summary": {"covered_lines": 6, "num_statements": 6, "percent_covered": 100.0, "percent_covered_display": "100", "missing_lines": 0, "excluded_lines": 0, "percent_statements_covered": 100.0, "percent_statements_covered_display": "100"}, "missing_lines": [], "excluded_lines": [], "start_line": 123}, "": {"executed_lines": [13, 15, 16, 17, 19, 21, 22, 24, 27, 28, 35, 36, 38, 39, 41, 42, 44, 45, 47, 48, 55, 56, 61, 62, 64, 65, 67, 68, 72, 73, 74, 75, 76, 78, 79, 82, 97, 99, 102, 118, 123], "summary": {"covered_lines": 41, "num_statements": 41, "percent_covered": 100.0, "percent_covered_display": "100", "missing_lines": 0, "excluded_lines": 0, "percent_statements_covered": 100.0, "percent_statements_covered_display": "100"}, "missing_lines": [], "excluded_lines": [], "start_line": 1}}, "classes": {"Dataset": {"executed_lines": [69], "summary": {"covered_lines": 1, "num_statements": 1, "percent_covered": 100.0, "percent_covered_display": "100", "missing_lines": 0, "excluded_lines": 0, "percent_statements_covered": 100.0, "percent_statements_covered_display": "100"}, "missing_lines": [], "excluded_lines": [], "start_line": 28}, "": {"executed_lines": [13, 15, 16, 17, 19, 21, 22, 24, 27, 28, 35, 36, 38, 39, 41, 42, 44, 45, 47, 48, 55, 56, 61, 62, 64, 65, 67, 68, 72, 73, 74, 75, 76, 78, 79, 82, 97, 99, 102, 109, 110, 111, 112, 113, 114, 115, 118, 120, 123, 133, 134, 135, 136, 137, 138], "summary": {"covered_lines": 55, "num_statements": 55, "percent_covered": 100.0, "percent_covered_display": "100", "missing_lines": 0, "excluded_lines": 0, "percent_statements_covered": 100.0, "percent_statements_covered_display": "100"}, "missing_lines": [], "excluded_lines": [], "start_line": 1}}}, "src/omnisus_db/sources/datasus_ftp/fetch.py": {"executed_lines": [3, 5, 6, 7, 8, 10, 12, 13, 18, 19, 21, 24, 34, 38, 44, 45, 48, 58, 78, 79, 80, 81, 82, 83, 84, 85, 86, 87, 88, 89, 90, 91, 98, 99], "summary": {"covered_lines": 34, "num_statements": 40, "percent_covered": 85.0, "percent_covered_display": "85", "missing_lines": 6, "excluded_lines": 0, "percent_statements_covered": 85.0, "percent_statements_covered_display": "85"}, "missing_lines": [50, 51, 52, 53, 54, 55], "excluded_lines": [], "functions": {"ftp_path_for": {"executed_lines": [44, 45], "summary": {"covered_lines": 2, "num_statements": 2, "percent_covered": 100.0, "percent_covered_display": "100", "missing_lines": 0, "excluded_lines": 0, "percent_statements_covered": 100.0, "percent_statements_covered_display": "100"}, "missing_lines": [], "excluded_lines": [], "start_line": 38}, "_blocking_fetch": {"executed_lines": [], "summary": {"covered_lines": 0, "num_statements": 6, "percent_covered": 0.0, "percent_covered_display": "0", "missing_lines": 6, "excluded_lines": 0, "percent_statements_covered": 0.0, "percent_statements_covered_display": "0"}, "missing_lines": [50, 51, 52, 53, 54, 55], "excluded_lines": [], "start_line": 48}, "fetch_dbc_bytes": {"executed_lines": [78, 79, 80, 81, 82, 83, 84, 85, 86, 87, 88, 89, 90, 91, 98, 99], "summary": {"covered_lines": 16, "num_statements": 16, "percent_covered": 100.0, "percent_covered_display": "100", "missing_lines": 0, "excluded_lines": 0, "percent_statements_covered": 100.0, "percent_statements_covered_display": "100"}, "missing_lines": [], "excluded_lines": [], "start_line": 58}, "": {"executed_lines": [3, 5, 6, 7, 8, 10, 12, 13, 18, 19, 21, 24, 34, 38, 48, 58], "summary": {"covered_lines": 16, "num_statements": 16, "percent_covered": 100.0, "percent_covered_display": "100", "missing_lines": 0, "excluded_lines": 0, "percent_statements_covered": 100.0, "percent_statements_covered_display": "100"}, "missing_lines": [], "excluded_lines": [], "start_line": 1}}, "classes": {"FtpFileNotFound": {"executed_lines": [], "summary": {"covered_lines": 0, "num_statements": 0, "percent_covered": 100.0, "percent_covered_display": "100", "missing_lines": 0, "excluded_lines": 0, "percent_statements_covered": 100.0, "percent_statements_covered_display": "100"}, "missing_lines": [], "excluded_lines": [], "start_line": 24}, "FtpUnavailable": {"executed_lines": [], "summary": {"covered_lines": 0, "num_statements": 0, "percent_covered": 100.0, "percent_covered_display": "100", "missing_lines": 0, "excluded_lines": 0, "percent_statements_covered": 100.0, "percent_statements_covered_display": "100"}, "missing_lines": [], "excluded_lines": [], "start_line": 34}, "": {"executed_lines": [3, 5, 6, 7, 8, 10, 12, 13, 18, 19, 21, 24, 34, 38, 44, 45, 48, 58, 78, 79, 80, 81, 82, 83, 84, 85, 86, 87, 88, 89, 90, 91, 98, 99], "summary": {"covered_lines": 34, "num_statements": 40, "percent_covered": 85.0, "percent_covered_display": "85", "missing_lines": 6, "excluded_lines": 0, "percent_statements_covered": 85.0, "percent_statements_covered_display": "85"}, "missing_lines": [50, 51, 52, 53, 54, 55], "excluded_lines": [], "start_line": 1}}}, "src/omnisus_db/sources/datasus_ftp/filenames.py": {"executed_lines": [7, 9, 11, 12, 15, 17, 21, 24, 25, 28, 36, 37, 45, 46, 47, 48, 49, 50, 51, 52, 53, 54, 56, 57, 58, 59, 61, 62, 65, 71, 72, 73, 74, 75, 76, 77, 80, 88, 89, 90, 91], "summary": {"covered_lines": 41, "num_statements": 43, "percent_covered": 95.34883720930233, "percent_covered_display": "95", "missing_lines": 2, "excluded_lines": 0, "percent_statements_covered": 95.34883720930233, "percent_statements_covered_display": "95"}, "missing_lines": [55, 60], "excluded_lines": [], "functions": {"_yy_to_year": {"executed_lines": [25], "summary": {"covered_lines": 1, "num_statements": 1, "percent_covered": 100.0, "percent_covered_display": "100", "missing_lines": 0, "excluded_lines": 0, "percent_statements_covered": 100.0, "percent_statements_covered_display": "100"}, "missing_lines": [], "excluded_lines": [], "start_line": 24}, "parse_filename": {"executed_lines": [36, 37, 45, 46, 47, 48, 49, 50, 51, 52, 53, 54, 56, 57, 58, 59, 61, 62], "summary": {"covered_lines": 18, "num_statements": 20, "percent_covered": 90.0, "percent_covered_display": "90", "missing_lines": 2, "excluded_lines": 0, "percent_statements_covered": 90.0, "percent_statements_covered_display": "90"}, "missing_lines": [55, 60], "excluded_lines": [], "start_line": 28}, "scope_to_filename": {"executed_lines": [71, 72, 73, 74, 75, 76, 77], "summary": {"covered_lines": 7, "num_statements": 7, "percent_covered": 100.0, "percent_covered_display": "100", "missing_lines": 0, "excluded_lines": 0, "percent_statements_covered": 100.0, "percent_statements_covered_display": "100"}, "missing_lines": [], "excluded_lines": [], "start_line": 65}, "decode": {"executed_lines": [88, 89, 90, 91], "summary": {"covered_lines": 4, "num_statements": 4, "percent_covered": 100.0, "percent_covered_display": "100", "missing_lines": 0, "excluded_lines": 0, "percent_statements_covered": 100.0, "percent_statements_covered_display": "100"}, "missing_lines": [], "excluded_lines": [], "start_line": 80}, "": {"executed_lines": [7, 9, 11, 12, 15, 17, 21, 24, 28, 65, 80], "summary": {"covered_lines": 11, "num_statements": 11, "percent_covered": 100.0, "percent_covered_display": "100", "missing_lines": 0, "excluded_lines": 0, "percent_statements_covered": 100.0, "percent_statements_covered_display": "100"}, "missing_lines": [], "excluded_lines": [], "start_line": 1}}, "classes": {"": {"executed_lines": [7, 9, 11, 12, 15, 17, 21, 24, 25, 28, 36, 37, 45, 46, 47, 48, 49, 50, 51, 52, 53, 54, 56, 57, 58, 59, 61, 62, 65, 71, 72, 73, 74, 75, 76, 77, 80, 88, 89, 90, 91], "summary": {"covered_lines": 41, "num_statements": 43, "percent_covered": 95.34883720930233, "percent_covered_display": "95", "missing_lines": 2, "excluded_lines": 0, "percent_statements_covered": 95.34883720930233, "percent_statements_covered_display": "95"}, "missing_lines": [55, 60], "excluded_lines": [], "start_line": 1}}}, "src/omnisus_db/sources/datasus_ftp/inventory.py": {"executed_lines": [17, 19, 20, 21, 22, 23, 24, 26, 28, 29, 34, 35, 37, 39, 42, 50, 54, 55, 58, 59, 61, 62, 64, 65, 67, 69, 70, 72, 73, 76, 77, 85, 86, 87, 89, 90, 91, 93, 94, 95, 98, 114, 115, 116, 117, 118, 119, 120, 121, 122, 123, 125, 126, 127, 128, 129, 130, 131, 133, 134, 144, 160, 184, 185, 186, 187, 188, 189, 193, 194, 195, 196, 197, 198, 199, 200, 201, 202, 203, 204, 206, 207, 208, 209, 210, 211, 214, 231, 233, 234, 235, 236, 237, 238, 244, 245, 246, 247, 248, 251, 263, 264, 265, 266, 267, 268, 269, 270, 271, 272, 273, 274, 275, 276, 277, 278, 281, 296, 297, 298, 299, 300, 301, 302, 303, 304, 305, 306, 307, 308, 309, 310, 311, 312], "summary": {"covered_lines": 134, "num_statements": 143, "percent_covered": 93.7062937062937, "percent_covered_display": "94", "missing_lines": 9, "excluded_lines": 0, "percent_statements_covered": 93.7062937062937, "percent_statements_covered_display": "94"}, "missing_lines": [132, 150, 151, 152, 153, 154, 155, 156, 157], "excluded_lines": [], "functions": {"Listing.files": {"executed_lines": [91], "summary": {"covered_lines": 1, "num_statements": 1, "percent_covered": 100.0, "percent_covered_display": "100", "missing_lines": 0, "excluded_lines": 0, "percent_statements_covered": 100.0, "percent_statements_covered_display": "100"}, "missing_lines": [], "excluded_lines": [], "start_line": 90}, "Listing.dirs": {"executed_lines": [95], "summary": {"covered_lines": 1, "num_statements": 1, "percent_covered": 100.0, "percent_covered_display": "100", "missing_lines": 0, "excluded_lines": 0, "percent_statements_covered": 100.0, "percent_statements_covered_display": "100"}, "missing_lines": [], "excluded_lines": [], "start_line": 94}, "_parse_msdos_line": {"executed_lines": [114, 115, 116, 117, 118, 119, 120, 121, 122, 123, 125, 126, 127, 128, 129, 130, 131, 133, 134], "summary": {"covered_lines": 19, "num_statements": 20, "percent_covered": 95.0, "percent_covered_display": "95", "missing_lines": 1, "excluded_lines": 0, "percent_statements_covered": 95.0, "percent_statements_covered_display": "95"}, "missing_lines": [132], "excluded_lines": [], "start_line": 98}, "_blocking_list": {"executed_lines": [], "summary": {"covered_lines": 0, "num_statements": 8, "percent_covered": 0.0, "percent_covered_display": "0", "missing_lines": 8, "excluded_lines": 0, "percent_statements_covered": 0.0, "percent_statements_covered_display": "0"}, "missing_lines": [150, 151, 152, 153, 154, 155, 156, 157], "excluded_lines": [], "start_line": 144}, "list_dir": {"executed_lines": [184, 185, 186, 187, 188, 189, 193, 194, 195, 196, 197, 198, 199, 200, 201, 202, 203, 204, 206, 207, 208, 209, 210, 211], "summary": {"covered_lines": 24, "num_statements": 24, "percent_covered": 100.0, "percent_covered_display": "100", "missing_lines": 0, "excluded_lines": 0, "percent_statements_covered": 100.0, "percent_statements_covered_display": "100"}, "missing_lines": [], "excluded_lines": [], "start_line": 160}, "list_dir_cached": {"executed_lines": [231, 233, 234, 235, 236, 237, 238, 244, 245, 246, 247, 248], "summary": {"covered_lines": 12, "num_statements": 12, "percent_covered": 100.0, "percent_covered_display": "100", "missing_lines": 0, "excluded_lines": 0, "percent_statements_covered": 100.0, "percent_statements_covered_display": "100"}, "missing_lines": [], "excluded_lines": [], "start_line": 214}, "crawl": {"executed_lines": [263, 264, 265, 266, 267, 268, 269, 270, 271, 272, 273, 274, 275, 276, 277, 278], "summary": {"covered_lines": 16, "num_statements": 16, "percent_covered": 100.0, "percent_covered_display": "100", "missing_lines": 0, "excluded_lines": 0, "percent_statements_covered": 100.0, "percent_statements_covered_display": "100"}, "missing_lines": [], "excluded_lines": [], "start_line": 251}, "available": {"executed_lines": [296, 297, 298, 299, 300, 301, 302, 303, 304, 305, 306, 307, 308, 309, 310, 311, 312], "summary": {"covered_lines": 17, "num_statements": 17, "percent_covered": 100.0, "percent_covered_display": "100", "missing_lines": 0, "excluded_lines": 0, "percent_statements_covered": 100.0, "percent_statements_covered_display": "100"}, "missing_lines": [], "excluded_lines": [], "start_line": 281}, "": {"executed_lines": [17, 19, 20, 21, 22, 23, 24, 26, 28, 29, 34, 35, 37, 39, 42, 50, 54, 55, 58, 59, 61, 62, 64, 65, 67, 69, 70, 72, 73, 76, 77, 85, 86, 87, 89, 90, 93, 94, 98, 144, 160, 214, 251, 281], "summary": {"covered_lines": 44, "num_statements": 44, "percent_covered": 100.0, "percent_covered_display": "100", "missing_lines": 0, "excluded_lines": 0, "percent_statements_covered": 100.0, "percent_statements_covered_display": "100"}, "missing_lines": [], "excluded_lines": [], "start_line": 1}}, "classes": {"FtpPathNotFound": {"executed_lines": [], "summary": {"covered_lines": 0, "num_statements": 0, "percent_covered": 100.0, "percent_covered_display": "100", "missing_lines": 0, "excluded_lines": 0, "percent_statements_covered": 100.0, "percent_statements_covered_display": "100"}, "missing_lines": [], "excluded_lines": [], "start_line": 42}, "FtpUnavailable": {"executed_lines": [], "summary": {"covered_lines": 0, "num_statements": 0, "percent_covered": 100.0, "percent_covered_display": "100", "missing_lines": 0, "excluded_lines": 0, "percent_statements_covered": 100.0, "percent_statements_covered_display": "100"}, "missing_lines": [], "excluded_lines": [], "start_line": 50}, "FtpEntry": {"executed_lines": [], "summary": {"covered_lines": 0, "num_statements": 0, "percent_covered": 100.0, "percent_covered_display": "100", "missing_lines": 0, "excluded_lines": 0, "percent_statements_covered": 100.0, "percent_statements_covered_display": "100"}, "missing_lines": [], "excluded_lines": [], "start_line": 55}, "Listing": {"executed_lines": [91, 95], "summary": {"covered_lines": 2, "num_statements": 2, "percent_covered": 100.0, "percent_covered_display": "100", "missing_lines": 0, "excluded_lines": 0, "percent_statements_covered": 100.0, "percent_statements_covered_display": "100"}, "missing_lines": [], "excluded_lines": [], "start_line": 77}, "": {"executed_lines": [17, 19, 20, 21, 22, 23, 24, 26, 28, 29, 34, 35, 37, 39, 42, 50, 54, 55, 58, 59, 61, 62, 64, 65, 67, 69, 70, 72, 73, 76, 77, 85, 86, 87, 89, 90, 93, 94, 98, 114, 115, 116, 117, 118, 119, 120, 121, 122, 123, 125, 126, 127, 128, 129, 130, 131, 133, 134, 144, 160, 184, 185, 186, 187, 188, 189, 193, 194, 195, 196, 197, 198, 199, 200, 201, 202, 203, 204, 206, 207, 208, 209, 210, 211, 214, 231, 233, 234, 235, 236, 237, 238, 244, 245, 246, 247, 248, 251, 263, 264, 265, 266, 267, 268, 269, 270, 271, 272, 273, 274, 275, 276, 277, 278, 281, 296, 297, 298, 299, 300, 301, 302, 303, 304, 305, 306, 307, 308, 309, 310, 311, 312], "summary": {"covered_lines": 132, "num_statements": 141, "percent_covered": 93.61702127659575, "percent_covered_display": "94", "missing_lines": 9, "excluded_lines": 0, "percent_statements_covered": 93.61702127659575, "percent_statements_covered_display": "94"}, "missing_lines": [132, 150, 151, 152, 153, 154, 155, 156, 157], "excluded_lines": [], "start_line": 1}}}, "src/omnisus_db/sources/datasus_ftp/parse.py": {"executed_lines": [9, 11, 12, 13, 14, 15, 17, 18, 19, 20, 22, 24, 26, 28, 31, 41, 45, 47, 48, 49, 50, 52, 55, 57, 58, 60, 61, 62, 63, 64, 71, 78, 79, 81, 82, 83, 84, 85, 90, 91, 97, 105, 107, 108, 110, 111, 112, 113, 114, 117, 119, 120, 121, 122, 123, 124, 125, 127, 130, 154, 155, 156, 158, 159, 160, 161, 162, 163, 164, 167, 168, 170, 172, 179, 182, 184, 185, 186, 187, 189, 195], "summary": {"covered_lines": 81, "num_statements": 90, "percent_covered": 90.0, "percent_covered_display": "90", "missing_lines": 9, "excluded_lines": 0, "percent_statements_covered": 90.0, "percent_statements_covered_display": "90"}, "missing_lines": [46, 51, 59, 80, 106, 109, 165, 166, 174], "excluded_lines": [], "functions": {"_read_dbf_geometry": {"executed_lines": [45, 47, 48, 49, 50, 52], "summary": {"covered_lines": 6, "num_statements": 8, "percent_covered": 75.0, "percent_covered_display": "75", "missing_lines": 2, "excluded_lines": 0, "percent_statements_covered": 75.0, "percent_statements_covered_display": "75"}, "missing_lines": [46, 51], "excluded_lines": [], "start_line": 41}, "_check_dbf_length": {"executed_lines": [57, 58, 60, 61, 62, 63, 64], "summary": {"covered_lines": 7, "num_statements": 8, "percent_covered": 87.5, "percent_covered_display": "88", "missing_lines": 1, "excluded_lines": 0, "percent_statements_covered": 87.5, "percent_statements_covered_display": "88"}, "missing_lines": [59], "excluded_lines": [], "start_line": 55}, "_check_record_count": {"executed_lines": [78, 79, 81, 82, 83, 84, 85, 90, 91], "summary": {"covered_lines": 9, "num_statements": 10, "percent_covered": 90.0, "percent_covered_display": "90", "missing_lines": 1, "excluded_lines": 0, "percent_statements_covered": 90.0, "percent_statements_covered_display": "90"}, "missing_lines": [80], "excluded_lines": [], "start_line": 71}, "_ensure_dbf_terminator": {"executed_lines": [105, 107, 108, 110, 111, 112, 113, 114], "summary": {"covered_lines": 8, "num_statements": 10, "percent_covered": 80.0, "percent_covered_display": "80", "missing_lines": 2, "excluded_lines": 0, "percent_statements_covered": 80.0, "percent_statements_covered_display": "80"}, "missing_lines": [106, 109], "excluded_lines": [], "start_line": 97}, "_stream_records": {"executed_lines": [119, 120, 121, 122, 123, 124, 125, 127], "summary": {"covered_lines": 8, "num_statements": 8, "percent_covered": 100.0, "percent_covered_display": "100", "missing_lines": 0, "excluded_lines": 0, "percent_statements_covered": 100.0, "percent_statements_covered_display": "100"}, "missing_lines": [], "excluded_lines": [], "start_line": 117}, "dbc_bytes_to_lazyframe": {"executed_lines": [154, 155, 156, 158, 159, 160, 161, 162, 163, 164, 167, 168, 170, 172, 179, 182, 184, 185, 186, 187, 189, 195], "summary": {"covered_lines": 22, "num_statements": 25, "percent_covered": 88.0, "percent_covered_display": "88", "missing_lines": 3, "excluded_lines": 0, "percent_statements_covered": 88.0, "percent_statements_covered_display": "88"}, "missing_lines": [165, 166, 174], "excluded_lines": [], "start_line": 130}, "": {"executed_lines": [9, 11, 12, 13, 14, 15, 17, 18, 19, 20, 22, 24, 26, 28, 31, 41, 55, 71, 97, 117, 130], "summary": {"covered_lines": 21, "num_statements": 21, "percent_covered": 100.0, "percent_covered_display": "100", "missing_lines": 0, "excluded_lines": 0, "percent_statements_covered": 100.0, "percent_statements_covered_display": "100"}, "missing_lines": [], "excluded_lines": [], "start_line": 1}}, "classes": {"DbfIntegrityError": {"executed_lines": [], "summary": {"covered_lines": 0, "num_statements": 0, "percent_covered": 100.0, "percent_covered_display": "100", "missing_lines": 0, "excluded_lines": 0, "percent_statements_covered": 100.0, "percent_statements_covered_display": "100"}, "missing_lines": [], "excluded_lines": [], "start_line": 31}, "": {"executed_lines": [9, 11, 12, 13, 14, 15, 17, 18, 19, 20, 22, 24, 26, 28, 31, 41, 45, 47, 48, 49, 50, 52, 55, 57, 58, 60, 61, 62, 63, 64, 71, 78, 79, 81, 82, 83, 84, 85, 90, 91, 97, 105, 107, 108, 110, 111, 112, 113, 114, 117, 119, 120, 121, 122, 123, 124, 125, 127, 130, 154, 155, 156, 158, 159, 160, 161, 162, 163, 164, 167, 168, 170, 172, 179, 182, 184, 185, 186, 187, 189, 195], "summary": {"covered_lines": 81, "num_statements": 90, "percent_covered": 90.0, "percent_covered_display": "90", "missing_lines": 9, "excluded_lines": 0, "pe
[...]
tatements_covered": 100.0, "percent_statements_covered_display": "100"}, "missing_lines": [], "excluded_lines": [], "start_line": 13}, "": {"executed_lines": [3, 5, 9, 10, 13], "summary": {"covered_lines": 5, "num_statements": 5, "percent_covered": 100.0, "percent_covered_display": "100", "missing_lines": 0, "excluded_lines": 0, "percent_statements_covered": 100.0, "percent_statements_covered_display": "100"}, "missing_lines": [], "excluded_lines": [], "start_line": 1}}, "classes": {"": {"executed_lines": [3, 5, 9, 10, 13, 18, 22, 23, 24, 25], "summary": {"covered_lines": 10, "num_statements": 10, "percent_covered": 100.0, "percent_covered_display": "100", "missing_lines": 0, "excluded_lines": 0, "percent_statements_covered": 100.0, "percent_statements_covered_display": "100"}, "missing_lines": [], "excluded_lines": [], "start_line": 1}}}, "src/omnisus_db/sources/ibge/importers/__init__.py": {"executed_lines": [], "summary": {"covered_lines": 0, "num_statements": 0, "percent_covered": 100.0, "percent_covered_display": "100", "missing_lines": 0, "excluded_lines": 0, "percent_statements_covered": 100.0, "percent_statements_covered_display": "100"}, "missing_lines": [], "excluded_lines": [], "functions": {"": {"executed_lines": [], "summary": {"covered_lines": 0, "num_statements": 0, "percent_covered": 100.0, "percent_covered_display": "100", "missing_lines": 0, "excluded_lines": 0, "percent_statements_covered": 100.0, "percent_statements_covered_display": "100"}, "missing_lines": [], "excluded_lines": [], "start_line": 1}}, "classes": {"": {"executed_lines": [], "summary": {"covered_lines": 0, "num_statements": 0, "percent_covered": 100.0, "percent_covered_display": "100", "missing_lines": 0, "excluded_lines": 0, "percent_statements_covered": 100.0, "percent_statements_covered_display": "100"}, "missing_lines": [], "excluded_lines": [], "start_line": 1}}}, "src/omnisus_db/sources/ibge/importers/pop.py": {"executed_lines": [3, 5, 6, 7, 8, 11, 13, 14, 15], "summary": {"covered_lines": 9, "num_statements": 9, "percent_covered": 100.0, "percent_covered_display": "100", "missing_lines": 0, "excluded_lines": 0, "percent_statements_covered": 100.0, "percent_statements_covered_display": "100"}, "missing_lines": [], "excluded_lines": [], "functions": {"import_pop_year": {"executed_lines": [13, 14, 15], "summary": {"covered_lines": 3, "num_statements": 3, "percent_covered": 100.0, "percent_covered_display": "100", "missing_lines": 0, "excluded_lines": 0, "percent_statements_covered": 100.0, "percent_statements_covered_display": "100"}, "missing_lines": [], "excluded_lines": [], "start_line": 11}, "": {"executed_lines": [3, 5, 6, 7, 8, 11], "summary": {"covered_lines": 6, "num_statements": 6, "percent_covered": 100.0, "percent_covered_display": "100", "missing_lines": 0, "excluded_lines": 0, "percent_statements_covered": 100.0, "percent_statements_covered_display": "100"}, "missing_lines": [], "excluded_lines": [], "start_line": 1}}, "classes": {"": {"executed_lines": [3, 5, 6, 7, 8, 11, 13, 14, 15], "summary": {"covered_lines": 9, "num_statements": 9, "percent_covered": 100.0, "percent_covered_display": "100", "missing_lines": 0, "excluded_lines": 0, "percent_statements_covered": 100.0, "percent_statements_covered_display": "100"}, "missing_lines": [], "excluded_lines": [], "start_line": 1}}}, "src/omnisus_db/sources/ibge/parse.py": {"executed_lines": [3, 5, 8, 10, 15, 16, 21, 22, 23, 24, 25, 26, 27, 28, 29, 30, 37], "summary": {"covered_lines": 17, "num_statements": 17, "percent_covered": 100.0, "percent_covered_display": "100", "missing_lines": 0, "excluded_lines": 0, "percent_statements_covered": 100.0, "percent_statements_covered_display": "100"}, "missing_lines": [], "excluded_lines": [], "functions": {"pop_json_to_lazyframe": {"executed_lines": [10, 15, 16, 21, 22, 23, 24, 25, 26, 27, 28, 29, 30, 37], "summary": {"covered_lines": 14, "num_statements": 14, "percent_covered": 100.0, "percent_covered_display": "100", "missing_lines": 0, "excluded_lines": 0, "percent_statements_covered": 100.0, "percent_statements_covered_display": "100"}, "missing_lines": [], "excluded_lines": [], "start_line": 8}, "": {"executed_lines": [3, 5, 8], "summary": {"covered_lines": 3, "num_statements": 3, "percent_covered": 100.0, "percent_covered_display": "100", "missing_lines": 0, "excluded_lines": 0, "percent_statements_covered": 100.0, "percent_statements_covered_display": "100"}, "missing_lines": [], "excluded_lines": [], "start_line": 1}}, "classes": {"": {"executed_lines": [3, 5, 8, 10, 15, 16, 21, 22, 23, 24, 25, 26, 27, 28, 29, 30, 37], "summary": {"covered_lines": 17, "num_statements": 17, "percent_covered": 100.0, "percent_covered_display": "100", "missing_lines": 0, "excluded_lines": 0, "percent_statements_covered": 100.0, "percent_statements_covered_display": "100"}, "missing_lines": [], "excluded_lines": [], "start_line": 1}}}, "src/omnisus_db/transforms/__init__.py": {"executed_lines": [], "summary": {"covered_lines": 0, "num_statements": 0, "percent_covered": 100.0, "percent_covered_display": "100", "missing_lines": 0, "excluded_lines": 0, "percent_statements_covered": 100.0, "percent_statements_covered_display": "100"}, "missing_lines": [], "excluded_lines": [], "functions": {"": {"executed_lines": [], "summary": {"covered_lines": 0, "num_statements": 0, "percent_covered": 100.0, "percent_covered_display": "100", "missing_lines": 0, "excluded_lines": 0, "percent_statements_covered": 100.0, "percent_statements_covered_display": "100"}, "missing_lines": [], "excluded_lines": [], "start_line": 1}}, "classes": {"": {"executed_lines": [], "summary": {"covered_lines": 0, "num_statements": 0, "percent_covered": 100.0, "percent_covered_display": "100", "missing_lines": 0, "excluded_lines": 0, "percent_statements_covered": 100.0, "percent_statements_covered_display": "100"}, "missing_lines": [], "excluded_lines": [], "start_line": 1}}}, "src/omnisus_db/transforms/cns.py": {"executed_lines": [19, 21, 23, 24, 27, 29, 30, 31, 32, 33, 34, 35, 36, 39, 41, 42, 43, 44, 58, 60, 61, 62, 65, 76], "summary": {"covered_lines": 24, "num_statements": 35, "percent_covered": 68.57142857142857, "percent_covered_display": "69", "missing_lines": 11, "excluded_lines": 0, "percent_statements_covered": 68.57142857142857, "percent_statements_covered_display": "69"}, "missing_lines": [45, 46, 47, 48, 49, 50, 51, 52, 53, 54, 55], "excluded_lines": [], "functions": {"cns_decrypt": {"executed_lines": [29, 30, 31, 32, 33, 34, 35, 36], "summary": {"covered_lines": 8, "num_statements": 8, "percent_covered": 100.0, "percent_covered_display": "100", "missing_lines": 0, "excluded_lines": 0, "percent_statements_covered": 100.0, "percent_statements_covered_display": "100"}, "missing_lines": [], "excluded_lines": [], "start_line": 27}, "cns_is_valid": {"executed_lines": [41, 42, 43, 44], "summary": {"covered_lines": 4, "num_statements": 15, "percent_covered": 26.666666666666668, "percent_covered_display": "27", "missing_lines": 11, "excluded_lines": 0, "percent_statements_covered": 26.666666666666668, "percent_statements_covered_display": "27"}, "missing_lines": [45, 46, 47, 48, 49, 50, 51, 52, 53, 54, 55], "excluded_lines": [], "start_line": 39}, "cns_class": {"executed_lines": [60, 61, 62], "summary": {"covered_lines": 3, "num_statements": 3, "percent_covered": 100.0, "percent_covered_display": "100", "missing_lines": 0, "excluded_lines": 0, "percent_statements_covered": 100.0, "percent_statements_covered_display": "100"}, "missing_lines": [], "excluded_lines": [], "start_line": 58}, "with_decoded_cns": {"executed_lines": [76], "summary": {"covered_lines": 1, "num_statements": 1, "percent_covered": 100.0, "percent_covered_display": "100", "missing_lines": 0, "excluded_lines": 0, "percent_statements_covered": 100.0, "percent_statements_covered_display": "100"}, "missing_lines": [], "excluded_lines": [], "start_line": 65}, "": {"executed_lines": [19, 21, 23, 24, 27, 39, 58, 65], "summary": {"covered_lines": 8, "num_statements": 8, "percent_covered": 100.0, "percent_covered_display": "100", "missing_lines": 0, "excluded_lines": 0, "percent_statements_covered": 100.0, "percent_statements_covered_display": "100"}, "missing_lines": [], "excluded_lines": [], "start_line": 1}}, "classes": {"": {"executed_lines": [19, 21, 23, 24, 27, 29, 30, 31, 32, 33, 34, 35, 36, 39, 41, 42, 43, 44, 58, 60, 61, 62, 65, 76], "summary": {"covered_lines": 24, "num_statements": 35, "percent_covered": 68.57142857142857, "percent_covered_display": "69", "missing_lines": 11, "excluded_lines": 0, "percent_statements_covered": 68.57142857142857, "percent_statements_covered_display": "69"}, "missing_lines": [45, 46, 47, 48, 49, 50, 51, 52, 53, 54, 55], "excluded_lines": [], "start_line": 1}}}, "src/omnisus_db/transforms/codes.py": {"executed_lines": [3, 5, 8, 10, 13, 15, 18, 20], "summary": {"covered_lines": 8, "num_statements": 8, "percent_covered": 100.0, "percent_covered_display": "100", "missing_lines": 0, "excluded_lines": 0, "percent_statements_covered": 100.0, "percent_statements_covered_display": "100"}, "missing_lines": [], "excluded_lines": [], "functions": {"lpad_6": {"executed_lines": [10], "summary": {"covered_lines": 1, "num_statements": 1, "percent_covered": 100.0, "percent_covered_display": "100", "missing_lines": 0, "excluded_lines": 0, "percent_statements_covered": 100.0, "percent_statements_covered_display": "100"}, "missing_lines": [], "excluded_lines": [], "start_line": 8}, "normalize_uf": {"executed_lines": [15], "summary": {"covered_lines": 1, "num_statements": 1, "percent_covered": 100.0, "percent_covered_display": "100", "missing_lines": 0, "excluded_lines": 0, "percent_statements_covered": 100.0, "percent_statements_covered_display": "100"}, "missing_lines": [], "excluded_lines": [], "start_line": 13}, "parse_ddmmyyyy": {"executed_lines": [20], "summary": {"covered_lines": 1, "num_statements": 1, "percent_covered": 100.0, "percent_covered_display": "100", "missing_lines": 0, "excluded_lines": 0, "percent_statements_covered": 100.0, "percent_statements_covered_display": "100"}, "missing_lines": [], "excluded_lines": [], "start_line": 18}, "": {"executed_lines": [3, 5, 8, 13, 18], "summary": {"covered_lines": 5, "num_statements": 5, "percent_covered": 100.0, "percent_covered_display": "100", "missing_lines": 0, "excluded_lines": 0, "percent_statements_covered": 100.0, "percent_statements_covered_display": "100"}, "missing_lines": [], "excluded_lines": [], "start_line": 1}}, "classes": {"": {"executed_lines": [3, 5, 8, 10, 13, 15, 18, 20], "summary": {"covered_lines": 8, "num_statements": 8, "percent_covered": 100.0, "percent_covered_display": "100", "missing_lines": 0, "excluded_lines": 0, "percent_statements_covered": 100.0, "percent_statements_covered_display": "100"}, "missing_lines": [], "excluded_lines": [], "start_line": 1}}}, "src/omnisus_db/transforms/dictionaries.py": {"executed_lines": [23, 25, 26, 27, 28, 29, 30, 31, 33, 34, 37, 53, 54, 55, 58, 60, 62, 63, 65, 66, 68, 69, 71, 74, 76, 78, 79, 81, 82, 84, 85, 87, 90, 92, 94, 95, 97, 98, 100, 104, 113, 119, 121, 122, 124, 125, 127, 128, 129, 130, 131, 134, 136, 137, 139, 140, 141, 142, 146, 154, 159, 160, 161, 163, 164, 165, 168, 170, 171, 173, 174, 175, 176, 181, 188, 194, 202, 203, 205, 206, 207, 209, 210, 211, 218, 220, 221, 222, 223, 231, 232, 235, 236, 237, 238, 239, 240, 241, 242, 243, 245, 246, 247, 249, 251, 252, 253, 254, 255, 257, 264, 265, 266, 267, 269, 286, 287, 288, 289, 290, 291, 292, 293, 294, 295, 296, 297, 298, 299, 300, 301, 302, 304, 305, 307, 308, 309, 310, 311, 312, 314, 315, 317, 318, 319, 320, 321, 323, 324, 325, 326, 327, 328, 330, 331, 332, 336, 337, 344, 345, 346, 347, 349, 350, 351, 352, 353, 354, 355], "summary": {"covered_lines": 169, "num_statements": 200, "percent_covered": 84.5, "percent_covered_display": "84", "missing_lines": 31, "excluded_lines": 0, "percent_statements_covered": 84.5, "percent_statements_covered_display": "84"}, "missing_lines": [61, 64, 67, 70, 77, 80, 83, 86, 93, 96, 99, 120, 123, 126, 132, 133, 135, 138, 162, 166, 167, 169, 172, 208, 212, 213, 214, 215, 216, 217, 333], "excluded_lines": [], "functions": {"_decode_date_ddmmyyyy": {"executed_lines": [60, 62, 63, 65, 66, 68, 69, 71], "summary": {"covered_lines": 8, "num_statements": 12, "percent_covered": 66.66666666666667, "percent_covered_display": "67", "missing_lines": 4, "excluded_lines": 0, "percent_statements_covered": 66.66666666666667, "percent_statements_covered_display": "67"}, "missing_lines": [61, 64, 67, 70], "excluded_lines": [], "start_line": 58}, "_decode_date_yyyymmdd": {"executed_lines": [76, 78, 79, 81, 82, 84, 85, 87], "summary": {"covered_lines": 8, "num_statements": 12, "percent_covered": 66.66666666666667, "percent_covered_display": "67", "missing_lines": 4, "excluded_lines": 0, "percent_statements_covered": 66.66666666666667, "percent_statements_covered_display": "67"}, "missing_lines": [77, 80, 83, 86], "excluded_lines": [], "start_line": 74}, "_decode_time_hhmm": {"executed_lines": [92, 94, 95, 97, 98, 100], "summary": {"covered_lines": 6, "num_statements": 9, "percent_covered": 66.66666666666667, "percent_covered_display": "67", "missing_lines": 3, "excluded_lines": 0, "percent_statements_covered": 66.66666666666667, "percent_statements_covered_display": "67"}, "missing_lines": [93, 96, 99], "excluded_lines": [], "start_line": 90}, "_decode_idade_sim": {"executed_lines": [119, 121, 122, 124, 125, 127, 128, 129, 130, 131, 134, 136, 137, 139, 140, 141, 142], "summary": {"covered_lines": 17, "num_statements": 24, "percent_covered": 70.83333333333333, "percent_covered_display": "71", "missing_lines": 7, "excluded_lines": 0, "percent_statements_covered": 70.83333333333333, "percent_statements_covered_display": "71"}, "missing_lines": [120, 123, 126, 132, 133, 135, 138], "excluded_lines": [], "start_line": 113}, "_decode_idade_sih": {"executed_lines": [159, 160, 161, 163, 164, 165, 168, 170, 171, 173, 174, 175, 176], "summary": {"covered_lines": 13, "num_statements": 18, "percent_covered": 72.22222222222223, "percent_covered_display": "72", "missing_lines": 5, "excluded_lines": 0, "percent_statements_covered": 72.22222222222223, "percent_statements_covered_display": "72"}, "missing_lines": [162, 166, 167, 169, 172], "excluded_lines": [], "start_line": 154}, "_lookup_decode": {"executed_lines": [202, 203, 205, 206, 207, 209, 210, 211, 218, 220, 221, 222, 223], "summary": {"covered_lines": 13, "num_statements": 20, "percent_covered": 65.0, "percent_covered_display": "65", "missing_lines": 7, "excluded_lines": 0, "percent_statements_covered": 65.0, "percent_statements_covered_display": "65"}, "missing_lines": [208, 212, 213, 214, 215, 216, 217], "excluded_lines": [], "start_line": 194}, "Dicionario.arrow_schema": {"executed_lines": [247], "summary": {"covered_lines": 1, "num_statements": 1, "percent_covered": 100.0, "percent_covered_display": "100", "missing_lines": 0, "excluded_lines": 0, "percent_statements_covered": 100.0, "percent_statements_covered_display": "100"}, "missing_lines": [], "excluded_lines": [], "start_line": 246}, "Dicionario.field_def": {"executed_lines": [251, 252, 253, 254, 255], "summary": {"covered_lines": 5, "num_statements": 5, "percent_covered": 100.0, "percent_covered_display": "100", "missing_lines": 0, "excluded_lines": 0, "percent_statements_covered": 100.0, "percent_statements_covered_display": "100"}, "missing_lines": [], "excluded_lines": [], "start_line": 249}, "Dicionario.decode": {"executed_lines": [264, 265, 266, 267], "summary": {"covered_lines": 4, "num_statements": 4, "percent_covered": 100.0, "percent_covered_display": "100", "missing_lines": 0, "excluded_lines": 0, "percent_statements_covered": 100.0, "percent_statements_covered_display": "100"}, "missing_lines": [], "excluded_lines": [], "start_line": 257}, "Dicionario.decode_row": {"executed_lines": [286, 287, 288, 289, 290, 291, 292, 293, 294, 295, 296, 297, 298, 299, 300, 301, 302], "summary": {"covered_lines": 17, "num_statements": 17, "percent_covered": 100.0, "percent_covered_display": "100", "missing_lines": 0, "excluded_lines": 0, "percent_statements_covered": 100.0, "percent_statements_covered_display": "100"}, "missing_lines": [], "excluded_lines": [], "start_line": 269}, "Dicionario._row_key_for": {"executed_lines": [307, 308, 309, 310, 311, 312], "summary": {"covered_lines": 6, "num_statements": 6, "percent_covered": 100.0, "percent_covered_display": "100", "missing_lines": 0, "excluded_lines": 0, "percent_statements_covered": 100.0, "percent_statements_covered_display": "100"}, "missing_lines": [], "excluded_lines": [], "start_line": 305}, "Dicionario._decode_field": {"executed_lines": [317, 318, 319, 320, 321, 323, 324, 325, 326, 327, 328, 330, 331, 332], "summary": {"covered_lines": 14, "num_statements": 15, "percent_covered": 93.33333333333333, "percent_covered_display": "93", "missing_lines": 1, "excluded_lines": 0, "percent_statements_covered": 93.33333333333333, "percent_statements_covered_display": "93"}, "missing_lines": [333], "excluded_lines": [], "start_line": 315}, "load_dicionario": {"executed_lines": [344, 345, 346, 347, 349, 350, 351, 352, 353, 354, 355], "summary": {"covered_lines": 11, "num_statements": 11, "percent_covered": 100.0, "percent_covered_display": "100", "missing_lines": 0, "excluded_lines": 0, "percent_statements_covered": 100.0, "percent_statements_covered_display": "100"}, "missing_lines": [], "excluded_lines": [], "start_line": 337}, "": {"executed_lines": [23, 25, 26, 27, 28, 29, 30, 31, 33, 34, 37, 53, 54, 55, 58, 74, 90, 104, 113, 146, 154, 181, 188, 194, 231, 232, 235, 236, 237, 238, 239, 240, 241, 242, 243, 245, 246, 249, 257, 269, 304, 305, 314, 315, 336, 337], "summary": {"covered_lines": 46, "num_statements": 46, "percent_covered": 100.0, "percent_covered_display": "100", "missing_lines": 0, "excluded_lines": 0, "percent_statements_covered": 100.0, "percent_statements_covered_display": "100"}, "missing_lines": [], "excluded_lines": [], "start_line": 1}}, "classes": {"Dicionario": {"executed_lines": [247, 251, 252, 253, 254, 255, 264, 265, 266, 267, 286, 287, 288, 289, 290, 291, 292, 293, 294, 295, 296, 297, 298, 299, 300, 301, 302, 307, 308, 309, 310, 311, 312, 317, 318, 319, 320, 321, 323, 324, 325, 326, 327, 328, 330, 331, 332], "summary": {"covered_lines": 47, "num_statements": 48, "percent_covered": 97.91666666666667, "percent_covered_display": "98", "missing_lines": 1, "excluded_lines": 0, "percent_statements_covered": 97.91666666666667, "percent_statements_covered_display": "98"}, "missing_lines": [333], "excluded_lines": [], "start_line": 232}, "": {"executed_lines": [23, 25, 26, 27, 28, 29, 30, 31, 33, 34, 37, 53, 54, 55, 58, 60, 62, 63, 65, 66, 68, 69, 71, 74, 76, 78, 79, 81, 82, 84, 85, 87, 90, 92, 94, 95, 97, 98, 100, 104, 113, 119, 121, 122, 124, 125, 127, 128, 129, 130, 131, 134, 136, 137, 139, 140, 141, 142, 146, 154, 159, 160, 161, 163, 164, 165, 168, 170, 171, 173, 174, 175, 176, 181, 188, 194, 202, 203, 205, 206, 207, 209, 210, 211, 218, 220, 221, 222, 223, 231, 232, 235, 236, 237, 238, 239, 240, 241, 242, 243, 245, 246, 249, 257, 269, 304, 305, 314, 315, 336, 337, 344, 345, 346, 347, 349, 350, 351, 352, 353, 354, 355], "summary": {"covered_lines": 122, "num_statements": 152, "percent_covered": 80.26315789473684, "percent_covered_display": "80", "missing_lines": 30, "excluded_lines": 0, "percent_statements_covered": 80.26315789473684, "percent_statements_covered_display": "80"}, "missing_lines": [61, 64, 67, 70, 77, 80, 83, 86, 93, 96, 99, 120, 123, 126, 132, 133, 135, 138, 162, 166, 167, 169, 172, 208, 212, 213, 214, 215, 216, 217], "excluded_lines": [], "start_line": 1}}}}, "totals": {"covered_lines": 1256, "num_statements": 1376, "percent_covered": 91.27906976744185, "percent_covered_display": "91", "missing_lines": 120, "excluded_lines": 4, "percent_statements_covered": 91.27906976744185, "percent_statements_covered_display": "91"}}