============================= test session starts ==============================
platform darwin -- Python 3.13.12, pytest-9.1.1, pluggy-1.6.0
benchmark: 5.3.0 (defaults: timer=time.perf_counter disable_gc=False min_rounds=5 min_time=0.000005 max_time=1.0 calibration_precision=10 warmup=False warmup_iterations=100000)
rootdir: /Users/raphael/PycharmProjects/omnisus-db/.claude/worktrees/d2-d6
configfile: pyproject.toml
testpaths: tests
plugins: cov-7.1.0, asyncio-1.4.0, benchmark-5.3.0, pyfakefs-6.2.0, typeguard-4.6.0, anyio-4.15.1, respx-0.23.1, hypothesis-6.168.0
asyncio: mode=Mode.AUTO, debug=False, asyncio_default_fixture_loop_scope=None, asyncio_default_test_loop_scope=function
collected 567 items / 47 deselected / 520 selected

tests/integration/test_cnes_e2e.py .                                     [  0%]
tests/integration/test_ibge_pop_e2e.py .........                         [  1%]
tests/integration/test_sia_bi_e2e.py .                                   [  2%]
tests/integration/test_sih_e2e.py .                                      [  2%]
tests/integration/test_sim_e2e.py .                                      [  2%]
tests/integration/test_sinasc_e2e.py .                                   [  2%]
tests/unit/cli/test_inventory_cmd.py .........                           [  4%]
tests/unit/cli/test_main.py .............................                [ 10%]
tests/unit/lake/test_bootstrap.py ..                                     [ 10%]
tests/unit/lake/test_catalog.py ....                                     [ 11%]
tests/unit/lake/test_connection.py ....                                  [ 11%]
tests/unit/lake/test_ingest_performance.py ...........                   [ 14%]
tests/unit/lake/test_maintenance.py ........                             [ 15%]
tests/unit/lake/test_operations.py ..........                            [ 17%]
tests/unit/lake/test_publication.py .........                            [ 19%]
tests/unit/lake/test_schema.py ......                                    [ 20%]
tests/unit/lake/test_schema_safety.py ........                           [ 21%]
tests/unit/lake/test_sink.py ...                                         [ 22%]
tests/unit/lake/test_transactions.py ........................            [ 27%]
tests/unit/sources/cnes/test_master.py ..............                    [ 29%]
tests/unit/sources/datasus_ftp/test_available.py .....................   [ 33%]
tests/unit/sources/datasus_ftp/test_datasets.py ................         [ 36%]
tests/unit/sources/datasus_ftp/test_fetch.py .........                   [ 38%]
tests/unit/sources/datasus_ftp/test_filenames.py ..........              [ 40%]
tests/unit/sources/datasus_ftp/test_filenames_golden.py ................ [ 43%]
.....................                                                    [ 47%]
tests/unit/sources/datasus_ftp/test_integrity.py .....                   [ 48%]
tests/unit/sources/datasus_ftp/test_inventory_cache.py ................. [ 51%]
                                                                         [ 51%]
tests/unit/sources/datasus_ftp/test_list_dir.py ........                 [ 53%]
tests/unit/sources/datasus_ftp/test_msdos_parsing.py ..................  [ 56%]
tests/unit/sources/datasus_ftp/test_parse.py .....                       [ 57%]
tests/unit/sources/datasus_ftp/test_resource_limits.py ..........        [ 59%]
tests/unit/sources/datasus_ftp/test_runner.py .......                    [ 61%]
tests/unit/sources/datasus_ftp/test_runner_concurrency.py ......         [ 62%]
tests/unit/sources/datasus_ftp/test_runner_failures.py ..........        [ 64%]
tests/unit/sources/datasus_ftp/test_sia_apac.py ........................ [ 68%]
............                                                             [ 71%]
tests/unit/sources/datasus_ftp/test_sia_bi.py .......                    [ 72%]
tests/unit/sources/datasus_ftp/test_staging.py ..........                [ 74%]
tests/unit/sources/datasus_ftp/test_tolerance.py ......                  [ 75%]
tests/unit/sources/ibge/test_fetch.py .....................              [ 79%]
tests/unit/sources/ibge/test_parse.py ...................                [ 83%]
tests/unit/sources/test_base.py ...                                      [ 83%]
tests/unit/test_public_api.py .........................                  [ 88%]
tests/unit/test_registry_consistency.py ..........                       [ 90%]
tests/unit/transforms/test_cns.py .......                                [ 91%]
tests/unit/transforms/test_codes.py ...                                  [ 92%]
tests/unit/transforms/test_dictionaries.py ............................. [ 98%]
                                                                         [ 98%]
tests/unit/transforms/test_pandera_interop.py ..........                 [100%]

=============================== warnings summary ===============================
tests/unit/lake/test_transactions.py::test_commit_failure_invalidates_handle[before]
tests/unit/lake/test_transactions.py::test_commit_failure_invalidates_handle[after]
  /Users/raphael/PycharmProjects/omnisus-db/.claude/worktrees/d2-d6/tests/unit/lake/test_transactions.py:93: DeprecationWarning: vacuum is deprecated; use cleanup_files with an explicit cutoff
    operation()

-- Docs: https://docs.pytest.org/en/stable/how-to/capture-warnings.html
================================ tests coverage ================================
______________ coverage: platform darwin, python 3.13.12-final-0 _______________

Name                                                Stmts   Miss  Cover
-----------------------------------------------------------------------
src/omnisus_db/__init__.py                             64     11    83%
src/omnisus_db/_version.py                              1      0   100%
src/omnisus_db/cli/__init__.py                          0      0   100%
src/omnisus_db/cli/main.py                            213     25    88%
src/omnisus_db/data/__init__.py                         0      0   100%
src/omnisus_db/data/dicionarios/__init__.py             0      0   100%
src/omnisus_db/lake/__init__.py                         4      0   100%
src/omnisus_db/lake/_transactions.py                    7      0   100%
src/omnisus_db/lake/catalog.py                         34      1    97%
src/omnisus_db/lake/connection.py                      28      1    96%
src/omnisus_db/lake/locking.py                         36      8    78%
src/omnisus_db/lake/maintenance.py                     21      2    90%
src/omnisus_db/lake/operations.py                     259      4    98%
src/omnisus_db/lake/publication.py                     97      7    93%
src/omnisus_db/lake/schema.py                          17      0   100%
src/omnisus_db/lake/sql.py                             10      2    80%
src/omnisus_db/sources/__init__.py                      0      0   100%
src/omnisus_db/sources/_base.py                        51      0   100%
src/omnisus_db/sources/cnes/__init__.py                 0      0   100%
src/omnisus_db/sources/cnes/importers/__init__.py       0      0   100%
src/omnisus_db/sources/cnes/importers/master.py        99      6    94%
src/omnisus_db/sources/cnes/importers/st.py             6      6     0%
src/omnisus_db/sources/datasus_ftp/__init__.py          0      0   100%
src/omnisus_db/sources/datasus_ftp/_cache.py           61      7    89%
src/omnisus_db/sources/datasus_ftp/_ftp.py              7      0   100%
src/omnisus_db/sources/datasus_ftp/_runner.py         195      9    95%
src/omnisus_db/sources/datasus_ftp/datasets.py         56      0   100%
src/omnisus_db/sources/datasus_ftp/fetch.py           129     30    77%
src/omnisus_db/sources/datasus_ftp/filenames.py        43      2    95%
src/omnisus_db/sources/datasus_ftp/inventory.py       143      9    94%
src/omnisus_db/sources/datasus_ftp/parse.py            69      3    96%
src/omnisus_db/sources/datasus_ftp/staging.py         107      5    95%
src/omnisus_db/sources/ibge/__init__.py                 0      0   100%
src/omnisus_db/sources/ibge/fetch.py                   93      6    94%
src/omnisus_db/sources/ibge/importers/__init__.py       0      0   100%
src/omnisus_db/sources/ibge/importers/pop.py           30      1    97%
src/omnisus_db/sources/ibge/parse.py                   61      3    95%
src/omnisus_db/sources/ibge/products.py                23      0   100%
src/omnisus_db/transforms/__init__.py                   0      0   100%
src/omnisus_db/transforms/cns.py                       35     11    69%
src/omnisus_db/transforms/codes.py                      8      0   100%
src/omnisus_db/transforms/dictionaries.py             200     31    84%
-----------------------------------------------------------------------
TOTAL                                                2207    190    91%
Required test coverage of 85% reached. Total coverage: 91.39%
========== 520 passed, 47 deselected, 2 warnings in 90.06s (0:01:30) ===========
